mode: set
grpc-boot-starter/main.go:28.61,29.21 1 0
grpc-boot-starter/main.go:29.21,31.3 1 0
grpc-boot-starter/main.go:32.2,32.18 1 0
grpc-boot-starter/main.go:35.13,36.22 1 0
grpc-boot-starter/main.go:36.22,39.3 2 0
grpc-boot-starter/main.go:40.2,59.12 11 0
grpc-boot-starter/main.go:59.12,61.17 2 0
grpc-boot-starter/main.go:61.17,64.4 2 0
grpc-boot-starter/main.go:66.2,66.25 1 0
grpc-boot-starter/main.go:69.48,88.9 9 0
grpc-boot-starter/main.go:89.20,90.42 1 0
grpc-boot-starter/main.go:92.2,92.34 1 0
grpc-boot-starter/main.go:95.16,98.2 2 0
grpc-boot-starter/apis/controller/book_controller.go:10.82,14.2 1 0
grpc-boot-starter/apis/controller/book_controller.go:24.123,30.2 2 0
grpc-boot-starter/apis/controller/book_controller.go:34.133,39.15 2 0
grpc-boot-starter/apis/controller/book_controller.go:39.15,42.3 2 0
grpc-boot-starter/apis/controller/book_controller.go:44.2,45.8 2 0
grpc-boot-starter/apis/controller/book_controller.go:50.133,55.15 2 0
grpc-boot-starter/apis/controller/book_controller.go:55.15,58.3 2 0
grpc-boot-starter/apis/controller/book_controller.go:60.2,61.8 2 0
grpc-boot-starter/apis/controller/book_controller.go:66.139,71.15 2 0
grpc-boot-starter/apis/controller/book_controller.go:71.15,74.3 2 0
grpc-boot-starter/apis/controller/book_controller.go:76.2,77.8 2 0
grpc-boot-starter/apis/controller/book_controller.go:82.140,87.2 2 0
grpc-boot-starter/apis/controller/controller_base.go:13.76,14.14 1 0
grpc-boot-starter/apis/controller/controller_base.go:14.14,16.31 2 0
grpc-boot-starter/apis/controller/controller_base.go:16.31,19.4 2 0
grpc-boot-starter/apis/controller/controller_base.go:19.9,22.4 2 0
grpc-boot-starter/apis/controller/controller_base.go:23.8,26.3 2 0
grpc-boot-starter/apis/controller/health_controller.go:16.47,21.2 3 0
grpc-boot-starter/apis/controller/health_controller.go:23.44,25.2 1 0
grpc-boot-starter/apis/controller/health_controller.go:27.28,29.2 1 0
grpc-boot-starter/apis/controller/health_controller.go:31.25,33.2 1 0
grpc-boot-starter/apis/controller/hello_controller.go:9.52,11.2 1 0
grpc-boot-starter/apis/controller/hello_controller.go:18.121,21.2 2 0
grpc-boot-starter/clients/main.go:27.13,30.2 2 0
grpc-boot-starter/clients/main.go:57.13,82.16 9 0
grpc-boot-starter/clients/main.go:82.16,84.3 1 0
grpc-boot-starter/clients/main.go:85.2,93.25 5 0
grpc-boot-starter/clients/main.go:93.25,94.13 1 0
grpc-boot-starter/clients/main.go:94.13,99.4 2 0
grpc-boot-starter/clients/main.go:102.2,102.6 1 0
grpc-boot-starter/clients/main.go:102.6,104.3 1 0
grpc-boot-starter/clients/main.go:107.59,110.16 3 0
grpc-boot-starter/clients/main.go:110.16,112.3 1 0
grpc-boot-starter/clients/main.go:113.2,113.14 1 0
grpc-boot-starter/clients/main.go:119.33,123.2 1 0
grpc-boot-starter/clients/main.go:125.62,129.16 4 0
grpc-boot-starter/clients/main.go:129.16,131.3 1 0
grpc-boot-starter/clients/main.go:132.2,132.19 1 0
grpc-boot-starter/clients/main.go:135.85,151.16 5 0
grpc-boot-starter/clients/main.go:151.16,153.3 1 0
grpc-boot-starter/clients/main.go:154.2,155.17 2 0
grpc-boot-starter/clients/main.go:158.93,172.16 8 0
grpc-boot-starter/clients/main.go:172.16,176.3 3 0
grpc-boot-starter/clients/main.go:177.2,180.27 3 0
grpc-boot-starter/clients/main.go:180.27,182.3 1 0
grpc-boot-starter/clients/main.go:184.2,185.28 2 0
grpc-boot-starter/clients/main.go:185.28,187.3 1 0
grpc-boot-starter/clients/main.go:189.2,189.17 1 0
grpc-boot-starter/clients/main.go:192.91,209.16 5 0
grpc-boot-starter/clients/main.go:209.16,211.3 1 0
grpc-boot-starter/clients/main.go:212.2,212.39 1 0
grpc-boot-starter/clients/main.go:215.65,226.16 5 0
grpc-boot-starter/clients/main.go:226.16,228.3 1 0
grpc-boot-starter/clients/main.go:229.2,229.38 1 0
grpc-boot-starter/core/otel/otel-handler.go:11.37,13.2 1 0
grpc-boot-starter/core/otel/otel-providers.go:36.43,40.20 2 0
grpc-boot-starter/core/otel/otel-providers.go:40.20,42.3 1 0
grpc-boot-starter/core/otel/otel-providers.go:51.2,54.16 4 0
grpc-boot-starter/core/otel/otel-providers.go:54.16,57.3 2 0
grpc-boot-starter/core/otel/otel-providers.go:58.2,58.18 1 0
grpc-boot-starter/core/otel/otel-providers.go:61.127,65.19 3 0
grpc-boot-starter/core/otel/otel-providers.go:65.19,67.17 2 0
grpc-boot-starter/core/otel/otel-providers.go:67.17,69.4 1 0
grpc-boot-starter/core/otel/otel-providers.go:70.3,70.50 1 0
grpc-boot-starter/core/otel/otel-providers.go:71.8,73.17 2 0
grpc-boot-starter/core/otel/otel-providers.go:73.17,76.4 2 0
grpc-boot-starter/core/otel/otel-providers.go:77.3,77.50 1 0
grpc-boot-starter/core/otel/otel-providers.go:81.2,92.28 4 0
grpc-boot-starter/core/otel/otel-providers.go:96.126,99.19 3 0
grpc-boot-starter/core/otel/otel-providers.go:99.19,102.17 2 0
grpc-boot-starter/core/otel/otel-providers.go:102.17,104.4 1 0
grpc-boot-starter/core/otel/otel-providers.go:105.3,105.89 1 0
grpc-boot-starter/core/otel/otel-providers.go:106.8,108.17 2 0
grpc-boot-starter/core/otel/otel-providers.go:108.17,111.4 2 0
grpc-boot-starter/core/otel/otel-providers.go:112.3,112.89 1 0
grpc-boot-starter/core/otel/otel-providers.go:115.2,121.27 3 0
grpc-boot-starter/core/otel/otel-providers.go:125.122,128.19 3 0
grpc-boot-starter/core/otel/otel-providers.go:128.19,130.17 2 0
grpc-boot-starter/core/otel/otel-providers.go:130.17,132.4 1 0
grpc-boot-starter/core/otel/otel-providers.go:133.3,133.98 1 0
grpc-boot-starter/core/otel/otel-providers.go:134.8,136.17 2 0
grpc-boot-starter/core/otel/otel-providers.go:136.17,139.4 2 0
grpc-boot-starter/core/otel/otel-providers.go:140.3,140.98 1 0
grpc-boot-starter/core/otel/otel-providers.go:143.2,150.28 3 0
grpc-boot-starter/core/otel/otel-providers.go:153.41,158.16 3 0
grpc-boot-starter/core/otel/otel-providers.go:158.16,160.3 1 0
grpc-boot-starter/core/otel/otel-providers.go:162.2,169.16 2 0
grpc-boot-starter/core/otel/otel-providers.go:169.16,171.3 1 0
grpc-boot-starter/core/otel/otel-providers.go:173.2,173.20 1 0
grpc-boot-starter/core/otel/otel-providers.go:173.20,175.17 2 0
grpc-boot-starter/core/otel/otel-providers.go:175.17,177.4 1 0
grpc-boot-starter/core/otel/otel-providers.go:178.3,178.65 1 0
grpc-boot-starter/core/otel/otel-providers.go:181.2,181.20 1 0
grpc-boot-starter/core/otel/otel-providers.go:181.20,183.17 2 0
grpc-boot-starter/core/otel/otel-providers.go:183.17,185.4 1 0
grpc-boot-starter/core/otel/otel-providers.go:186.3,186.64 1 0
grpc-boot-starter/core/otel/otel-providers.go:189.2,189.21 1 0
grpc-boot-starter/core/otel/otel-providers.go:189.21,191.17 2 0
grpc-boot-starter/core/otel/otel-providers.go:191.17,193.4 1 0
grpc-boot-starter/core/otel/otel-providers.go:194.3,194.62 1 0
grpc-boot-starter/core/otel/otel-providers.go:198.42,199.29 1 0
grpc-boot-starter/core/otel/otel-providers.go:199.29,201.3 1 0
grpc-boot-starter/core/otel/otel-providers.go:202.2,203.35 2 0
grpc-boot-starter/core/otel/otel-providers.go:203.35,205.3 1 0
grpc-boot-starter/core/otel/otel-providers.go:206.2,207.16 2 0
grpc-boot-starter/core/otel/otel-providers.go:207.16,209.3 1 0
grpc-boot-starter/core/otel/otel-providers.go:209.8,211.3 1 0
grpc-boot-starter/core/otel/otel-providers.go:212.2,212.12 1 0
grpc-boot-starter/core/interceptor/ctx_logger.go:19.111,23.38 2 0
grpc-boot-starter/core/interceptor/ctx_logger.go:23.38,25.3 1 0
grpc-boot-starter/core/interceptor/ctx_logger.go:26.2,27.9 2 0
grpc-boot-starter/core/interceptor/ctx_logger.go:27.9,29.3 1 0
grpc-boot-starter/core/interceptor/ctx_logger.go:30.2,37.18 7 0
grpc-boot-starter/core/interceptor/ctx_logger.go:40.49,42.20 2 0
grpc-boot-starter/core/interceptor/ctx_logger.go:42.20,44.3 1 0
grpc-boot-starter/core/interceptor/ctx_logger.go:45.2,45.16 1 0
grpc-boot-starter/core/interceptor/ctx_logger.go:48.116,55.23 7 0
grpc-boot-starter/core/interceptor/ctx_logger.go:55.23,57.22 2 0
grpc-boot-starter/core/interceptor/ctx_logger.go:57.22,62.4 4 0
grpc-boot-starter/core/interceptor/ctx_logger.go:65.2,65.35 1 0
grpc-boot-starter/core/interceptor/ctx_logger.go:65.35,68.3 2 0
grpc-boot-starter/core/interceptor/ctx_logger.go:70.2,70.58 1 0
grpc-boot-starter/core/interceptor/ctx_logger.go:70.58,72.26 2 0
grpc-boot-starter/core/interceptor/ctx_logger.go:72.26,74.4 1 0
grpc-boot-starter/core/interceptor/ctx_logger.go:75.3,75.20 1 0
grpc-boot-starter/core/interceptor/ctx_logger.go:75.20,77.4 1 0
grpc-boot-starter/core/interceptor/ctx_logger.go:78.3,78.19 1 0
grpc-boot-starter/core/interceptor/ctx_logger.go:78.19,80.4 1 0
grpc-boot-starter/core/interceptor/ctx_logger.go:81.3,81.12 1 0
grpc-boot-starter/core/interceptor/ctx_logger.go:84.2,84.25 1 0
grpc-boot-starter/core/interceptor/ctx_logger.go:84.25,87.3 2 0
grpc-boot-starter/core/interceptor/ctx_logger.go:89.2,90.31 2 0
grpc-boot-starter/core/interceptor/error_handler.go:16.128,17.15 1 0
grpc-boot-starter/core/interceptor/error_handler.go:17.15,18.31 1 0
grpc-boot-starter/core/interceptor/error_handler.go:18.31,20.10 2 0
grpc-boot-starter/core/interceptor/error_handler.go:20.10,23.5 2 0
grpc-boot-starter/core/interceptor/error_handler.go:23.10,26.5 2 0
grpc-boot-starter/core/interceptor/error_handler.go:30.2,32.17 2 0
grpc-boot-starter/core/interceptor/error_handler.go:32.17,35.3 2 0
grpc-boot-starter/core/interceptor/error_handler.go:36.2,36.18 1 0
grpc-boot-starter/core/interceptor/jwt_auth.go:19.118,22.9 3 0
grpc-boot-starter/core/interceptor/jwt_auth.go:22.9,24.3 1 0
grpc-boot-starter/core/interceptor/jwt_auth.go:27.2,28.16 2 0
grpc-boot-starter/core/interceptor/jwt_auth.go:28.16,30.3 1 0
grpc-boot-starter/core/interceptor/jwt_auth.go:32.2,32.29 1 0
grpc-boot-starter/core/interceptor/jwt_auth.go:36.82,37.28 1 0
grpc-boot-starter/core/interceptor/jwt_auth.go:37.28,39.3 1 0
grpc-boot-starter/core/interceptor/jwt_auth.go:40.2,45.32 3 0
grpc-boot-starter/core/interceptor/jwt_auth.go:45.32,48.3 2 0
grpc-boot-starter/core/interceptor/jwt_auth.go:50.2,50.73 1 0
grpc-boot-starter/core/logging/logger.go:16.20,19.16 3 0
grpc-boot-starter/core/logging/logger.go:19.16,22.3 2 0
grpc-boot-starter/core/logging/logger.go:23.2,26.26 3 0
grpc-boot-starter/core/logging/logger.go:26.26,28.3 1 0
grpc-boot-starter/core/logging/logger.go:28.8,30.3 1 0
grpc-boot-starter/core/logging/logger.go:31.2,31.71 1 0
grpc-boot-starter/core/logging/logger.go:35.47,37.14 2 0
grpc-boot-starter/core/logging/logger.go:37.14,39.3 1 0
grpc-boot-starter/core/logging/logger.go:40.2,40.10 1 0
grpc-boot-starter/core/logging/logger.go:44.48,45.16 1 0
grpc-boot-starter/core/logging/logger.go:45.16,47.3 1 0
grpc-boot-starter/core/logging/logger.go:48.2,48.25 1 0
grpc-boot-starter/core/logging/logger.go:52.48,53.16 1 0
grpc-boot-starter/core/logging/logger.go:53.16,55.3 1 0
grpc-boot-starter/core/logging/logger.go:56.2,56.25 1 0
grpc-boot-starter/core/logging/logger.go:60.47,61.16 1 0
grpc-boot-starter/core/logging/logger.go:61.16,63.3 1 0
grpc-boot-starter/core/logging/logger.go:64.2,64.24 1 0
grpc-boot-starter/core/logging/logger.go:68.47,69.16 1 0
grpc-boot-starter/core/logging/logger.go:69.16,71.3 1 0
grpc-boot-starter/core/logging/logger.go:72.2,72.24 1 0
grpc-boot-starter/core/logging/logger.go:76.48,77.16 1 0
grpc-boot-starter/core/logging/logger.go:77.16,79.3 1 0
grpc-boot-starter/core/logging/logger.go:80.2,80.25 1 0
grpc-boot-starter/core/logging/logger.go:84.48,85.16 1 0
grpc-boot-starter/core/logging/logger.go:85.16,87.3 1 0
grpc-boot-starter/core/logging/logger.go:88.2,88.25 1 0
grpc-boot-starter/core/logging/logger.go:92.48,93.16 1 0
grpc-boot-starter/core/logging/logger.go:93.16,95.3 1 0
grpc-boot-starter/core/logging/logger.go:96.2,96.25 1 0
grpc-boot-starter/core/correlation/correlation.go:20.48,22.14 2 0
grpc-boot-starter/core/correlation/correlation.go:22.14,24.3 1 0
grpc-boot-starter/core/correlation/correlation.go:25.2,26.13 2 0
grpc-boot-starter/core/correlation/correlation.go:26.13,28.3 1 0
grpc-boot-starter/core/correlation/correlation.go:29.2,29.31 1 0
grpc-boot-starter/core/correlation/correlation.go:32.42,34.14 2 0
grpc-boot-starter/core/correlation/correlation.go:34.14,36.3 1 0
grpc-boot-starter/core/correlation/correlation.go:37.2,37.36 1 0
grpc-boot-starter/core/correlation/correlation.go:40.41,42.14 2 0
grpc-boot-starter/core/correlation/correlation.go:42.14,44.3 1 0
grpc-boot-starter/core/correlation/correlation.go:45.2,45.35 1 0
grpc-boot-starter/main.go:28.61,29.21 1 0
grpc-boot-starter/main.go:29.21,31.3 1 0
grpc-boot-starter/main.go:32.2,32.18 1 0
grpc-boot-starter/main.go:35.13,36.22 1 0
grpc-boot-starter/main.go:36.22,39.3 2 0
grpc-boot-starter/main.go:40.2,59.12 11 0
grpc-boot-starter/main.go:59.12,61.17 2 0
grpc-boot-starter/main.go:61.17,64.4 2 0
grpc-boot-starter/main.go:66.2,66.25 1 0
grpc-boot-starter/main.go:69.48,88.9 9 0
grpc-boot-starter/main.go:89.20,90.42 1 0
grpc-boot-starter/main.go:92.2,92.34 1 0
grpc-boot-starter/main.go:95.16,98.2 2 0
grpc-boot-starter/apis/controller/book_controller.go:10.82,14.2 1 0
grpc-boot-starter/apis/controller/book_controller.go:24.123,30.2 2 0
grpc-boot-starter/apis/controller/book_controller.go:34.133,39.15 2 0
grpc-boot-starter/apis/controller/book_controller.go:39.15,42.3 2 0
grpc-boot-starter/apis/controller/book_controller.go:44.2,45.8 2 0
grpc-boot-starter/apis/controller/book_controller.go:50.133,55.15 2 0
grpc-boot-starter/apis/controller/book_controller.go:55.15,58.3 2 0
grpc-boot-starter/apis/controller/book_controller.go:60.2,61.8 2 0
grpc-boot-starter/apis/controller/book_controller.go:66.139,71.15 2 0
grpc-boot-starter/apis/controller/book_controller.go:71.15,74.3 2 0
grpc-boot-starter/apis/controller/book_controller.go:76.2,77.8 2 0
grpc-boot-starter/apis/controller/book_controller.go:82.140,87.2 2 0
grpc-boot-starter/apis/controller/controller_base.go:13.76,14.14 1 0
grpc-boot-starter/apis/controller/controller_base.go:14.14,16.31 2 0
grpc-boot-starter/apis/controller/controller_base.go:16.31,19.4 2 0
grpc-boot-starter/apis/controller/controller_base.go:19.9,22.4 2 0
grpc-boot-starter/apis/controller/controller_base.go:23.8,26.3 2 0
grpc-boot-starter/apis/controller/health_controller.go:16.47,21.2 3 0
grpc-boot-starter/apis/controller/health_controller.go:23.44,25.2 1 0
grpc-boot-starter/apis/controller/health_controller.go:27.28,29.2 1 0
grpc-boot-starter/apis/controller/health_controller.go:31.25,33.2 1 0
grpc-boot-starter/apis/controller/hello_controller.go:9.52,11.2 1 0
grpc-boot-starter/apis/controller/hello_controller.go:18.121,21.2 2 0
grpc-boot-starter/clients/main.go:27.13,30.2 2 0
grpc-boot-starter/clients/main.go:57.13,82.16 9 0
grpc-boot-starter/clients/main.go:82.16,84.3 1 0
grpc-boot-starter/clients/main.go:85.2,93.25 5 0
grpc-boot-starter/clients/main.go:93.25,94.13 1 0
grpc-boot-starter/clients/main.go:94.13,99.4 2 0
grpc-boot-starter/clients/main.go:102.2,102.6 1 0
grpc-boot-starter/clients/main.go:102.6,104.3 1 0
grpc-boot-starter/clients/main.go:107.59,110.16 3 0
grpc-boot-starter/clients/main.go:110.16,112.3 1 0
grpc-boot-starter/clients/main.go:113.2,113.14 1 0
grpc-boot-starter/clients/main.go:119.33,123.2 1 0
grpc-boot-starter/clients/main.go:125.62,129.16 4 0
grpc-boot-starter/clients/main.go:129.16,131.3 1 0
grpc-boot-starter/clients/main.go:132.2,132.19 1 0
grpc-boot-starter/clients/main.go:135.85,151.16 5 0
grpc-boot-starter/clients/main.go:151.16,153.3 1 0
grpc-boot-starter/clients/main.go:154.2,155.17 2 0
grpc-boot-starter/clients/main.go:158.93,172.16 8 0
grpc-boot-starter/clients/main.go:172.16,176.3 3 0
grpc-boot-starter/clients/main.go:177.2,180.27 3 0
grpc-boot-starter/clients/main.go:180.27,182.3 1 0
grpc-boot-starter/clients/main.go:184.2,185.28 2 0
grpc-boot-starter/clients/main.go:185.28,187.3 1 0
grpc-boot-starter/clients/main.go:189.2,189.17 1 0
grpc-boot-starter/clients/main.go:192.91,209.16 5 0
grpc-boot-starter/clients/main.go:209.16,211.3 1 0
grpc-boot-starter/clients/main.go:212.2,212.39 1 0
grpc-boot-starter/clients/main.go:215.65,226.16 5 0
grpc-boot-starter/clients/main.go:226.16,228.3 1 0
grpc-boot-starter/clients/main.go:229.2,229.38 1 0
grpc-boot-starter/core/config/config.go:74.72,76.20 2 0
grpc-boot-starter/core/config/config.go:76.20,78.3 1 0
grpc-boot-starter/core/config/config.go:79.2,80.20 2 0
grpc-boot-starter/core/config/config.go:80.20,82.3 1 0
grpc-boot-starter/core/config/config.go:83.2,83.21 1 0
grpc-boot-starter/core/config/config.go:86.76,88.20 2 0
grpc-boot-starter/core/config/config.go:88.20,90.3 1 0
grpc-boot-starter/core/config/config.go:91.2,92.16 2 0
grpc-boot-starter/core/config/config.go:92.16,95.3 2 0
grpc-boot-starter/core/config/config.go:96.2,96.12 1 0
grpc-boot-starter/core/config/config.go:101.46,110.16 8 0
grpc-boot-starter/core/config/config.go:110.16,113.3 2 0
grpc-boot-starter/core/config/config.go:115.2,120.16 6 0
grpc-boot-starter/core/config/config.go:120.16,123.3 2 0
grpc-boot-starter/core/config/config.go:124.2,174.12 5 0
grpc-boot-starter/core/config/config.go:177.49,179.31 2 0
grpc-boot-starter/core/config/config.go:179.31,181.3 1 0
grpc-boot-starter/core/config/config.go:184.27,186.16 2 0
grpc-boot-starter/core/config/config.go:186.16,187.13 1 0
grpc-boot-starter/core/config/config.go:189.2,189.87 1 0
grpc-boot-starter/core/config/config.go:189.87,193.3 3 0
grpc-boot-starter/core/config/config.go:194.2,194.18 1 0
grpc-boot-starter/core/config/config.go:194.18,195.27 1 0
grpc-boot-starter/core/config/config.go:197.2,197.12 1 0
grpc-boot-starter/core/config/config.go:201.33,203.2 1 0
grpc-boot-starter/core/correlation/correlation.go:20.48,22.14 2 0
grpc-boot-starter/core/correlation/correlation.go:22.14,24.3 1 0
grpc-boot-starter/core/correlation/correlation.go:25.2,26.13 2 0
grpc-boot-starter/core/correlation/correlation.go:26.13,28.3 1 0
grpc-boot-starter/core/correlation/correlation.go:29.2,29.31 1 0
grpc-boot-starter/core/correlation/correlation.go:32.42,34.14 2 0
grpc-boot-starter/core/correlation/correlation.go:34.14,36.3 1 0
grpc-boot-starter/core/correlation/correlation.go:37.2,37.36 1 0
grpc-boot-starter/core/correlation/correlation.go:40.41,42.14 2 0
grpc-boot-starter/core/correlation/correlation.go:42.14,44.3 1 0
grpc-boot-starter/core/correlation/correlation.go:45.2,45.35 1 0
grpc-boot-starter/core/exception/exception.go:19.87,25.2 1 0
grpc-boot-starter/core/exception/exception.go:28.39,30.2 1 0
grpc-boot-starter/core/exception/exception.go:32.43,34.9 2 0
grpc-boot-starter/core/exception/exception.go:34.9,36.3 1 0
grpc-boot-starter/core/exception/exception.go:37.2,37.13 1 0
grpc-boot-starter/core/exception/exception.go:48.95,54.2 1 0
grpc-boot-starter/core/exception/exception.go:57.46,59.2 1 0
grpc-boot-starter/core/exception/exception.go:61.50,63.9 2 0
grpc-boot-starter/core/exception/exception.go:63.9,65.3 1 0
grpc-boot-starter/core/exception/exception.go:66.2,66.13 1 0
grpc-boot-starter/core/exception/exception.go:77.93,83.2 1 0
grpc-boot-starter/core/exception/exception.go:86.42,88.2 1 0
grpc-boot-starter/core/exception/exception.go:90.46,92.9 2 0
grpc-boot-starter/core/exception/exception.go:92.9,94.3 1 0
grpc-boot-starter/core/exception/exception.go:95.2,95.13 1 0
grpc-boot-starter/core/exception/exception.go:106.79,112.2 1 0
grpc-boot-starter/core/exception/exception.go:115.35,117.2 1 0
grpc-boot-starter/core/exception/exception.go:119.39,121.9 2 0
grpc-boot-starter/core/exception/exception.go:121.9,123.3 1 0
grpc-boot-starter/core/exception/exception.go:124.2,124.13 1 0
grpc-boot-starter/core/exception/exception.go:135.81,141.2 1 0
grpc-boot-starter/core/exception/exception.go:144.36,146.2 1 0
grpc-boot-starter/core/exception/exception.go:148.40,150.9 2 1
grpc-boot-starter/core/exception/exception.go:150.9,152.3 1 0
grpc-boot-starter/core/exception/exception.go:153.2,153.13 1 1
grpc-boot-starter/core/exception/exception.go:164.93,170.2 1 0
grpc-boot-starter/core/exception/exception.go:173.42,175.2 1 0
grpc-boot-starter/core/exception/exception.go:177.46,179.9 2 0
grpc-boot-starter/core/exception/exception.go:179.9,181.3 1 0
grpc-boot-starter/core/exception/exception.go:182.2,182.13 1 0
grpc-boot-starter/core/exception/transformer.go:10.45,11.16 1 0
grpc-boot-starter/core/exception/transformer.go:11.16,12.10 1 0
grpc-boot-starter/core/exception/transformer.go:13.43,14.52 1 0
grpc-boot-starter/core/exception/transformer.go:15.37,16.59 1 0
grpc-boot-starter/core/exception/transformer.go:17.36,18.60 1 0
grpc-boot-starter/core/exception/transformer.go:19.47,20.52 1 0
grpc-boot-starter/core/exception/transformer.go:21.40,22.52 1 0
grpc-boot-starter/core/exception/transformer.go:23.43,24.59 1 0
grpc-boot-starter/core/exception/transformer.go:25.11,26.51 1 0
grpc-boot-starter/core/exception/transformer.go:29.2,29.12 1 0
grpc-boot-starter/core/interceptor/ctx_logger.go:19.111,23.38 2 0
grpc-boot-starter/core/interceptor/ctx_logger.go:23.38,25.3 1 0
grpc-boot-starter/core/interceptor/ctx_logger.go:26.2,27.9 2 0
grpc-boot-starter/core/interceptor/ctx_logger.go:27.9,29.3 1 0
grpc-boot-starter/core/interceptor/ctx_logger.go:30.2,37.18 7 0
grpc-boot-starter/core/interceptor/ctx_logger.go:40.49,42.20 2 0
grpc-boot-starter/core/interceptor/ctx_logger.go:42.20,44.3 1 0
grpc-boot-starter/core/interceptor/ctx_logger.go:45.2,45.16 1 0
grpc-boot-starter/core/interceptor/ctx_logger.go:48.116,55.23 7 0
grpc-boot-starter/core/interceptor/ctx_logger.go:55.23,57.22 2 0
grpc-boot-starter/core/interceptor/ctx_logger.go:57.22,62.4 4 0
grpc-boot-starter/core/interceptor/ctx_logger.go:65.2,65.35 1 0
grpc-boot-starter/core/interceptor/ctx_logger.go:65.35,68.3 2 0
grpc-boot-starter/core/interceptor/ctx_logger.go:70.2,70.58 1 0
grpc-boot-starter/core/interceptor/ctx_logger.go:70.58,72.26 2 0
grpc-boot-starter/core/interceptor/ctx_logger.go:72.26,74.4 1 0
grpc-boot-starter/core/interceptor/ctx_logger.go:75.3,75.20 1 0
grpc-boot-starter/core/interceptor/ctx_logger.go:75.20,77.4 1 0
grpc-boot-starter/core/interceptor/ctx_logger.go:78.3,78.19 1 0
grpc-boot-starter/core/interceptor/ctx_logger.go:78.19,80.4 1 0
grpc-boot-starter/core/interceptor/ctx_logger.go:81.3,81.12 1 0
grpc-boot-starter/core/interceptor/ctx_logger.go:84.2,84.25 1 0
grpc-boot-starter/core/interceptor/ctx_logger.go:84.25,87.3 2 0
grpc-boot-starter/core/interceptor/ctx_logger.go:89.2,90.31 2 0
grpc-boot-starter/core/interceptor/error_handler.go:16.128,17.15 1 0
grpc-boot-starter/core/interceptor/error_handler.go:17.15,18.31 1 0
grpc-boot-starter/core/interceptor/error_handler.go:18.31,20.10 2 0
grpc-boot-starter/core/interceptor/error_handler.go:20.10,23.5 2 0
grpc-boot-starter/core/interceptor/error_handler.go:23.10,26.5 2 0
grpc-boot-starter/core/interceptor/error_handler.go:30.2,32.17 2 0
grpc-boot-starter/core/interceptor/error_handler.go:32.17,35.3 2 0
grpc-boot-starter/core/interceptor/error_handler.go:36.2,36.18 1 0
grpc-boot-starter/core/interceptor/jwt_auth.go:19.118,22.9 3 0
grpc-boot-starter/core/interceptor/jwt_auth.go:22.9,24.3 1 0
grpc-boot-starter/core/interceptor/jwt_auth.go:27.2,28.16 2 0
grpc-boot-starter/core/interceptor/jwt_auth.go:28.16,30.3 1 0
grpc-boot-starter/core/interceptor/jwt_auth.go:32.2,32.29 1 0
grpc-boot-starter/core/interceptor/jwt_auth.go:36.82,37.28 1 0
grpc-boot-starter/core/interceptor/jwt_auth.go:37.28,39.3 1 0
grpc-boot-starter/core/interceptor/jwt_auth.go:40.2,45.32 3 0
grpc-boot-starter/core/interceptor/jwt_auth.go:45.32,48.3 2 0
grpc-boot-starter/core/interceptor/jwt_auth.go:50.2,50.73 1 0
grpc-boot-starter/core/logging/logger.go:16.20,19.16 3 0
grpc-boot-starter/core/logging/logger.go:19.16,22.3 2 0
grpc-boot-starter/core/logging/logger.go:23.2,26.26 3 0
grpc-boot-starter/core/logging/logger.go:26.26,28.3 1 0
grpc-boot-starter/core/logging/logger.go:28.8,30.3 1 0
grpc-boot-starter/core/logging/logger.go:31.2,31.71 1 0
grpc-boot-starter/core/logging/logger.go:35.47,37.14 2 0
grpc-boot-starter/core/logging/logger.go:37.14,39.3 1 0
grpc-boot-starter/core/logging/logger.go:40.2,40.10 1 0
grpc-boot-starter/core/logging/logger.go:44.48,45.16 1 0
grpc-boot-starter/core/logging/logger.go:45.16,47.3 1 0
grpc-boot-starter/core/logging/logger.go:48.2,48.25 1 0
grpc-boot-starter/core/logging/logger.go:52.48,53.16 1 0
grpc-boot-starter/core/logging/logger.go:53.16,55.3 1 0
grpc-boot-starter/core/logging/logger.go:56.2,56.25 1 0
grpc-boot-starter/core/logging/logger.go:60.47,61.16 1 0
grpc-boot-starter/core/logging/logger.go:61.16,63.3 1 0
grpc-boot-starter/core/logging/logger.go:64.2,64.24 1 0
grpc-boot-starter/core/logging/logger.go:68.47,69.16 1 0
grpc-boot-starter/core/logging/logger.go:69.16,71.3 1 0
grpc-boot-starter/core/logging/logger.go:72.2,72.24 1 0
grpc-boot-starter/core/logging/logger.go:76.48,77.16 1 0
grpc-boot-starter/core/logging/logger.go:77.16,79.3 1 0
grpc-boot-starter/core/logging/logger.go:80.2,80.25 1 0
grpc-boot-starter/core/logging/logger.go:84.48,85.16 1 0
grpc-boot-starter/core/logging/logger.go:85.16,87.3 1 0
grpc-boot-starter/core/logging/logger.go:88.2,88.25 1 0
grpc-boot-starter/core/logging/logger.go:92.48,93.16 1 0
grpc-boot-starter/core/logging/logger.go:93.16,95.3 1 0
grpc-boot-starter/core/logging/logger.go:96.2,96.25 1 0
grpc-boot-starter/core/otel/otel-handler.go:11.37,13.2 1 0
grpc-boot-starter/core/otel/otel-providers.go:36.43,40.20 2 0
grpc-boot-starter/core/otel/otel-providers.go:40.20,42.3 1 0
grpc-boot-starter/core/otel/otel-providers.go:51.2,54.16 4 0
grpc-boot-starter/core/otel/otel-providers.go:54.16,57.3 2 0
grpc-boot-starter/core/otel/otel-providers.go:58.2,58.18 1 0
grpc-boot-starter/core/otel/otel-providers.go:61.127,65.19 3 0
grpc-boot-starter/core/otel/otel-providers.go:65.19,67.17 2 0
grpc-boot-starter/core/otel/otel-providers.go:67.17,69.4 1 0
grpc-boot-starter/core/otel/otel-providers.go:70.3,70.50 1 0
grpc-boot-starter/core/otel/otel-providers.go:71.8,73.17 2 0
grpc-boot-starter/core/otel/otel-providers.go:73.17,76.4 2 0
grpc-boot-starter/core/otel/otel-providers.go:77.3,77.50 1 0
grpc-boot-starter/core/otel/otel-providers.go:81.2,92.28 4 0
grpc-boot-starter/core/otel/otel-providers.go:96.126,99.19 3 0
grpc-boot-starter/core/otel/otel-providers.go:99.19,102.17 2 0
grpc-boot-starter/core/otel/otel-providers.go:102.17,104.4 1 0
grpc-boot-starter/core/otel/otel-providers.go:105.3,105.89 1 0
grpc-boot-starter/core/otel/otel-providers.go:106.8,108.17 2 0
grpc-boot-starter/core/otel/otel-providers.go:108.17,111.4 2 0
grpc-boot-starter/core/otel/otel-providers.go:112.3,112.89 1 0
grpc-boot-starter/core/otel/otel-providers.go:115.2,121.27 3 0
grpc-boot-starter/core/otel/otel-providers.go:125.122,128.19 3 0
grpc-boot-starter/core/otel/otel-providers.go:128.19,130.17 2 0
grpc-boot-starter/core/otel/otel-providers.go:130.17,132.4 1 0
grpc-boot-starter/core/otel/otel-providers.go:133.3,133.98 1 0
grpc-boot-starter/core/otel/otel-providers.go:134.8,136.17 2 0
grpc-boot-starter/core/otel/otel-providers.go:136.17,139.4 2 0
grpc-boot-starter/core/otel/otel-providers.go:140.3,140.98 1 0
grpc-boot-starter/core/otel/otel-providers.go:143.2,150.28 3 0
grpc-boot-starter/core/otel/otel-providers.go:153.41,158.16 3 0
grpc-boot-starter/core/otel/otel-providers.go:158.16,160.3 1 0
grpc-boot-starter/core/otel/otel-providers.go:162.2,169.16 2 0
grpc-boot-starter/core/otel/otel-providers.go:169.16,171.3 1 0
grpc-boot-starter/core/otel/otel-providers.go:173.2,173.20 1 0
grpc-boot-starter/core/otel/otel-providers.go:173.20,175.17 2 0
grpc-boot-starter/core/otel/otel-providers.go:175.17,177.4 1 0
grpc-boot-starter/core/otel/otel-providers.go:178.3,178.65 1 0
grpc-boot-starter/core/otel/otel-providers.go:181.2,181.20 1 0
grpc-boot-starter/core/otel/otel-providers.go:181.20,183.17 2 0
grpc-boot-starter/core/otel/otel-providers.go:183.17,185.4 1 0
grpc-boot-starter/core/otel/otel-providers.go:186.3,186.64 1 0
grpc-boot-starter/core/otel/otel-providers.go:189.2,189.21 1 0
grpc-boot-starter/core/otel/otel-providers.go:189.21,191.17 2 0
grpc-boot-starter/core/otel/otel-providers.go:191.17,193.4 1 0
grpc-boot-starter/core/otel/otel-providers.go:194.3,194.62 1 0
grpc-boot-starter/core/otel/otel-providers.go:198.42,199.29 1 0
grpc-boot-starter/core/otel/otel-providers.go:199.29,201.3 1 0
grpc-boot-starter/core/otel/otel-providers.go:202.2,203.35 2 0
grpc-boot-starter/core/otel/otel-providers.go:203.35,205.3 1 0
grpc-boot-starter/core/otel/otel-providers.go:206.2,207.16 2 0
grpc-boot-starter/core/otel/otel-providers.go:207.16,209.3 1 0
grpc-boot-starter/core/otel/otel-providers.go:209.8,211.3 1 0
grpc-boot-starter/core/otel/otel-providers.go:212.2,212.12 1 0
grpc-boot-starter/core/security/helpers.go:21.63,23.16 2 0
grpc-boot-starter/core/security/helpers.go:23.16,25.3 1 0
grpc-boot-starter/core/security/helpers.go:26.2,29.56 4 0
grpc-boot-starter/core/security/helpers.go:29.56,31.3 1 0
grpc-boot-starter/core/security/helpers.go:32.2,34.59 3 0
grpc-boot-starter/core/security/helpers.go:38.64,40.16 2 0
grpc-boot-starter/core/security/helpers.go:40.16,42.3 1 0
grpc-boot-starter/core/security/helpers.go:43.2,44.16 2 0
grpc-boot-starter/core/security/helpers.go:44.16,46.3 1 0
grpc-boot-starter/core/security/helpers.go:47.2,51.37 5 0
grpc-boot-starter/core/security/helpers.go:55.52,57.16 2 0
grpc-boot-starter/core/security/helpers.go:57.16,59.3 1 0
grpc-boot-starter/core/security/helpers.go:60.2,60.26 1 0
grpc-boot-starter/core/security/helpers.go:64.56,67.2 2 0
grpc-boot-starter/core/security/helpers.go:70.69,72.18 2 0
grpc-boot-starter/core/security/helpers.go:72.18,74.3 1 0
grpc-boot-starter/core/security/helpers.go:75.2,76.16 2 0
grpc-boot-starter/core/security/helpers.go:76.16,78.3 1 0
grpc-boot-starter/core/security/helpers.go:79.2,80.16 2 0
grpc-boot-starter/core/security/helpers.go:80.16,82.3 1 0
grpc-boot-starter/core/security/helpers.go:83.2,83.32 1 0
grpc-boot-starter/core/security/helpers.go:87.71,89.18 2 0
grpc-boot-starter/core/security/helpers.go:89.18,91.3 1 0
grpc-boot-starter/core/security/helpers.go:92.2,93.16 2 0
grpc-boot-starter/core/security/helpers.go:93.16,95.3 1 0
grpc-boot-starter/core/security/helpers.go:96.2,97.16 2 0
grpc-boot-starter/core/security/helpers.go:97.16,99.3 1 0
grpc-boot-starter/core/security/helpers.go:100.2,100.31 1 0
grpc-boot-starter/core/security/keyVault.go:20.59,23.16 2 0
grpc-boot-starter/core/security/keyVault.go:23.16,25.3 1 0
grpc-boot-starter/core/security/keyVault.go:29.2,29.29 1 0
grpc-boot-starter/core/security/keyVault.go:33.48,35.46 2 0
grpc-boot-starter/core/security/keyVault.go:35.46,38.3 2 0
grpc-boot-starter/core/security/keyVault.go:40.2,40.17 1 0
grpc-boot-starter/core/security/keyVault.go:44.58,46.18 2 0
grpc-boot-starter/core/security/keyVault.go:46.18,48.3 1 0
grpc-boot-starter/core/security/keyVault.go:49.2,49.32 1 0
grpc-boot-starter/core/security/keyVault.go:49.32,51.3 1 0
grpc-boot-starter/core/security/keyVault.go:52.2,53.40 2 0
grpc-boot-starter/core/security/keyVault.go:57.61,60.16 2 0
grpc-boot-starter/core/security/keyVault.go:60.16,62.3 1 0
grpc-boot-starter/core/security/keyVault.go:66.2,66.30 1 0
grpc-boot-starter/core/security/keyVault.go:72.60,74.18 2 0
grpc-boot-starter/core/security/keyVault.go:74.18,76.3 1 0
grpc-boot-starter/core/security/keyVault.go:77.2,77.33 1 0
grpc-boot-starter/core/security/keyVault.go:77.33,79.3 1 0
grpc-boot-starter/core/security/keyVault.go:80.2,81.42 2 0
grpc-boot-starter/core/security/keyVault.go:85.50,87.47 2 0
grpc-boot-starter/core/security/keyVault.go:87.47,90.3 2 0
grpc-boot-starter/core/security/keyVault.go:92.2,92.17 1 0
grpc-boot-starter/core/security/keyVault.go:96.59,97.45 1 0
grpc-boot-starter/core/security/keyVault.go:97.45,99.47 2 0
grpc-boot-starter/core/security/keyVault.go:99.47,102.18 2 0
grpc-boot-starter/core/security/keyVault.go:102.18,104.5 1 0
grpc-boot-starter/core/security/keyVault.go:105.4,105.19 1 0
grpc-boot-starter/core/security/keyVault.go:107.3,107.18 1 0
grpc-boot-starter/core/security/keyVault.go:112.73,115.16 3 0
grpc-boot-starter/core/security/keyVault.go:115.16,117.3 1 0
grpc-boot-starter/core/security/keyVault.go:119.2,136.28 6 0
grpc-boot-starter/core/security/keyVault.go:140.74,143.16 3 0
grpc-boot-starter/core/security/keyVault.go:143.16,145.3 1 0
grpc-boot-starter/core/security/keyVault.go:147.2,160.28 6 0
grpc-boot-starter/core/security/models.go:19.48,29.2 3 0
grpc-boot-starter/core/security/models.go:31.36,34.2 2 0
grpc-boot-starter/core/security/models.go:36.41,37.21 1 0
grpc-boot-starter/core/security/models.go:37.21,39.3 1 0
grpc-boot-starter/core/security/models.go:40.2,40.23 1 0
grpc-boot-starter/core/security/models.go:43.42,44.21 1 0
grpc-boot-starter/core/security/models.go:44.21,46.3 1 0
grpc-boot-starter/core/security/models.go:47.2,47.24 1 0
grpc-boot-starter/core/security/models.go:50.37,52.2 1 0
grpc-boot-starter/core/security/session.go:9.81,13.2 2 0
grpc-boot-starter/core/security/session.go:16.50,18.16 2 0
grpc-boot-starter/core/security/session.go:18.16,20.3 1 0
grpc-boot-starter/core/security/session.go:21.2,21.25 1 0
grpc-boot-starter/core/security/session.go:25.48,27.16 2 0
grpc-boot-starter/core/security/session.go:27.16,29.3 1 0
grpc-boot-starter/core/security/session.go:30.2,30.13 1 0
grpc-boot-starter/infra/db/database.go:25.36,26.15 1 0
grpc-boot-starter/infra/db/database.go:26.15,28.3 1 0
grpc-boot-starter/infra/db/database.go:29.2,30.19 2 0
grpc-boot-starter/infra/db/database.go:30.19,33.17 3 0
grpc-boot-starter/infra/db/database.go:33.17,36.4 2 0
grpc-boot-starter/infra/db/database.go:37.3,41.17 4 0
grpc-boot-starter/infra/db/database.go:41.17,44.4 2 0
grpc-boot-starter/infra/db/database.go:46.3,56.17 3 0
grpc-boot-starter/infra/db/database.go:56.17,58.4 1 0
grpc-boot-starter/infra/db/database.go:60.3,61.45 2 0
grpc-boot-starter/infra/db/database.go:63.2,63.16 1 0
grpc-boot-starter/infra/db/database.go:67.26,68.15 1 0
grpc-boot-starter/infra/db/database.go:68.15,70.17 2 0
grpc-boot-starter/infra/db/database.go:70.17,72.4 1 0
grpc-boot-starter/infra/db/database.go:73.3,73.15 1 0
grpc-boot-starter/infra/db/database.go:75.2,75.11 1 0
grpc-boot-starter/infra/db/database.go:79.14,80.15 1 0
grpc-boot-starter/infra/db/database.go:80.15,83.17 2 0
grpc-boot-starter/infra/db/database.go:83.17,85.4 1 0
grpc-boot-starter/infra/db/database.go:86.3,86.16 1 0
grpc-boot-starter/infra/db/database.go:88.2,88.32 1 0
grpc-boot-starter/infra/db/database.go:92.51,93.15 1 0
grpc-boot-starter/infra/db/database.go:93.15,94.28 1 0
grpc-boot-starter/infra/db/database.go:97.2,98.21 2 0
grpc-boot-starter/infra/db/database.go:98.21,100.3 1 0
grpc-boot-starter/infra/db/database.go:101.2,101.50 1 0
grpc-boot-starter/infra/db/database.go:105.36,107.17 2 0
grpc-boot-starter/infra/db/database.go:107.17,110.3 2 0
grpc-boot-starter/infra/db/database.go:111.2,112.16 2 0
grpc-boot-starter/infra/db/database.go:112.16,114.13 2 0
grpc-boot-starter/infra/db/database.go:116.2,117.12 2 0
grpc-boot-starter/infra/db/database.go:121.38,123.17 2 0
grpc-boot-starter/infra/db/database.go:123.17,126.3 2 0
grpc-boot-starter/infra/db/database.go:127.2,128.16 2 0
grpc-boot-starter/infra/db/database.go:128.16,130.3 1 0
grpc-boot-starter/infra/db/database.go:130.8,132.3 1 0
grpc-boot-starter/infra/db/database.go:136.42,138.16 2 0
grpc-boot-starter/infra/db/database.go:138.16,141.3 1 0
grpc-boot-starter/infra/db/database.go:142.2,143.9 2 0
grpc-boot-starter/infra/db/database.go:143.9,145.3 1 0
grpc-boot-starter/infra/db/database.go:146.2,146.13 1 0
grpc-boot-starter/infra/db/gorm_logger.go:17.64,19.2 1 0
grpc-boot-starter/infra/db/gorm_logger.go:21.82,24.2 2 0
grpc-boot-starter/infra/db/gorm_logger.go:26.81,29.2 2 0
grpc-boot-starter/infra/db/gorm_logger.go:31.81,34.2 2 0
grpc-boot-starter/infra/db/gorm_logger.go:36.103,39.16 2 0
grpc-boot-starter/infra/db/gorm_logger.go:39.16,41.3 1 0
grpc-boot-starter/infra/db/gorm_logger.go:41.8,43.3 1 0
grpc-boot-starter/infra/db/gorm_logger.go:45.2,48.15 3 0
grpc-boot-starter/infra/db/gorm_logger.go:48.15,50.3 1 0
grpc-boot-starter/infra/db/gorm_logger.go:51.2,51.15 1 0
grpc-boot-starter/infra/db/gorm_logger.go:51.15,53.3 1 0
grpc-boot-starter/infra/db/gorm_logger.go:55.2,57.8 2 0
grpc-boot-starter/persistence/repository/book_respository.go:17.42,18.25 1 0
grpc-boot-starter/persistence/repository/book_respository.go:18.25,20.3 1 0
grpc-boot-starter/persistence/repository/book_respository.go:21.2,21.25 1 0
grpc-boot-starter/persistence/repository/book_respository.go:28.95,30.25 2 0
grpc-boot-starter/persistence/repository/book_respository.go:30.25,32.3 1 0
grpc-boot-starter/persistence/repository/book_respository.go:33.2,33.18 1 0
grpc-boot-starter/persistence/repository/book_respository.go:37.87,39.25 2 0
grpc-boot-starter/persistence/repository/book_respository.go:39.25,41.3 1 0
grpc-boot-starter/persistence/repository/book_respository.go:42.2,43.37 2 0
grpc-boot-starter/persistence/repository/book_respository.go:47.93,49.25 2 0
grpc-boot-starter/persistence/repository/book_respository.go:49.25,51.3 1 0
grpc-boot-starter/persistence/repository/book_respository.go:52.2,53.37 2 0
grpc-boot-starter/persistence/repository/book_respository.go:57.79,62.25 3 0
grpc-boot-starter/persistence/repository/book_respository.go:62.25,64.3 1 0
grpc-boot-starter/persistence/repository/book_respository.go:65.2,65.37 1 0
grpc-boot-starter/persistence/repository/book_respository.go:69.89,72.25 3 0
grpc-boot-starter/persistence/repository/book_respository.go:72.25,75.3 1 0
grpc-boot-starter/persistence/repository/book_respository.go:76.2,76.30 1 0
grpc-boot-starter/persistence/repository/book_respository.go:76.30,78.3 1 0
grpc-boot-starter/persistence/repository/book_respository.go:79.2,79.18 1 0
grpc-boot-starter/persistence/repository/book_respository.go:83.128,85.34 2 0
grpc-boot-starter/persistence/repository/book_respository.go:85.34,87.26 2 0
grpc-boot-starter/persistence/repository/book_respository.go:87.26,89.4 1 0
grpc-boot-starter/persistence/repository/book_respository.go:90.8,90.24 1 0
grpc-boot-starter/persistence/repository/book_respository.go:90.24,92.26 2 0
grpc-boot-starter/persistence/repository/book_respository.go:92.26,94.4 1 0
grpc-boot-starter/persistence/repository/book_respository.go:95.8,95.26 1 0
grpc-boot-starter/persistence/repository/book_respository.go:95.26,97.26 2 0
grpc-boot-starter/persistence/repository/book_respository.go:97.26,99.4 1 0
grpc-boot-starter/persistence/repository/book_respository.go:101.2,101.19 1 0
grpc-boot-starter/persistence/repository/book_respository.go:105.121,107.34 2 0
grpc-boot-starter/persistence/repository/book_respository.go:107.34,109.26 2 0
grpc-boot-starter/persistence/repository/book_respository.go:109.26,111.4 1 0
grpc-boot-starter/persistence/repository/book_respository.go:112.8,112.24 1 0
grpc-boot-starter/persistence/repository/book_respository.go:112.24,114.26 2 0
grpc-boot-starter/persistence/repository/book_respository.go:114.26,116.4 1 0
grpc-boot-starter/persistence/repository/book_respository.go:117.8,117.26 1 0
grpc-boot-starter/persistence/repository/book_respository.go:117.26,119.26 2 0
grpc-boot-starter/persistence/repository/book_respository.go:119.26,121.4 1 0
grpc-boot-starter/persistence/repository/book_respository.go:123.2,123.19 1 0
grpc-boot-starter/persistence/repository/user_repository.go:3.42,5.2 1 0
grpc-boot-starter/service/book_service.go:34.77,35.28 1 0
grpc-boot-starter/service/book_service.go:35.28,39.3 1 0
grpc-boot-starter/service/book_service.go:40.2,40.28 1 0
grpc-boot-starter/service/book_service.go:48.75,64.2 1 0
grpc-boot-starter/service/book_service.go:68.98,74.16 4 0
grpc-boot-starter/service/book_service.go:74.16,75.45 1 0
grpc-boot-starter/service/book_service.go:75.45,76.73 1 0
grpc-boot-starter/service/book_service.go:78.3,79.71 2 0
grpc-boot-starter/service/book_service.go:81.2,81.30 1 0
grpc-boot-starter/service/book_service.go:86.104,99.16 4 0
grpc-boot-starter/service/book_service.go:99.16,101.74 2 0
grpc-boot-starter/service/book_service.go:104.2,104.30 1 0
grpc-boot-starter/service/book_service.go:109.104,124.16 4 0
grpc-boot-starter/service/book_service.go:124.16,126.74 2 0
grpc-boot-starter/service/book_service.go:128.2,128.9 1 0
grpc-boot-starter/service/book_service.go:128.9,130.99 2 0
grpc-boot-starter/service/book_service.go:132.2,132.30 1 0
grpc-boot-starter/service/book_service.go:137.114,140.16 3 0
grpc-boot-starter/service/book_service.go:140.16,142.74 2 0
grpc-boot-starter/service/book_service.go:144.2,147.3 1 0
grpc-boot-starter/service/book_service.go:152.115,158.22 5 0
grpc-boot-starter/service/book_service.go:158.22,160.3 1 0
grpc-boot-starter/service/book_service.go:160.8,162.3 1 0
grpc-boot-starter/service/book_service.go:163.2,163.24 1 0
grpc-boot-starter/service/book_service.go:163.24,165.3 1 0
grpc-boot-starter/service/book_service.go:165.8,167.3 1 0
grpc-boot-starter/service/book_service.go:169.2,173.16 4 0
grpc-boot-starter/service/book_service.go:173.16,175.73 2 0
grpc-boot-starter/service/book_service.go:178.2,179.27 2 0
grpc-boot-starter/service/book_service.go:179.27,181.3 1 0
grpc-boot-starter/service/book_service.go:182.2,182.21 1 0
grpc-boot-starter/service/book_service.go:182.21,192.3 1 0
grpc-boot-starter/service/book_service.go:194.2,202.32 2 0
grpc-boot-starter/service/book_service.go:202.32,204.3 1 0
grpc-boot-starter/service/book_service.go:205.2,205.15 1 0
grpc-boot-starter/main.go:28.61,29.21 1 0
grpc-boot-starter/main.go:29.21,31.3 1 0
grpc-boot-starter/main.go:32.2,32.18 1 0
grpc-boot-starter/main.go:35.13,36.22 1 0
grpc-boot-starter/main.go:36.22,39.3 2 0
grpc-boot-starter/main.go:40.2,59.12 11 0
grpc-boot-starter/main.go:59.12,61.17 2 0
grpc-boot-starter/main.go:61.17,64.4 2 0
grpc-boot-starter/main.go:66.2,66.25 1 0
grpc-boot-starter/main.go:69.48,88.9 9 0
grpc-boot-starter/main.go:89.20,90.42 1 0
grpc-boot-starter/main.go:92.2,92.34 1 0
grpc-boot-starter/main.go:95.16,98.2 2 0
grpc-boot-starter/apis/controller/book_controller.go:10.82,14.2 1 0
grpc-boot-starter/apis/controller/book_controller.go:24.123,30.2 2 0
grpc-boot-starter/apis/controller/book_controller.go:34.133,39.15 2 0
grpc-boot-starter/apis/controller/book_controller.go:39.15,42.3 2 0
grpc-boot-starter/apis/controller/book_controller.go:44.2,45.8 2 0
grpc-boot-starter/apis/controller/book_controller.go:50.133,55.15 2 0
grpc-boot-starter/apis/controller/book_controller.go:55.15,58.3 2 0
grpc-boot-starter/apis/controller/book_controller.go:60.2,61.8 2 0
grpc-boot-starter/apis/controller/book_controller.go:66.139,71.15 2 0
grpc-boot-starter/apis/controller/book_controller.go:71.15,74.3 2 0
grpc-boot-starter/apis/controller/book_controller.go:76.2,77.8 2 0
grpc-boot-starter/apis/controller/book_controller.go:82.140,87.2 2 0
grpc-boot-starter/apis/controller/controller_base.go:13.76,14.14 1 0
grpc-boot-starter/apis/controller/controller_base.go:14.14,16.31 2 0
grpc-boot-starter/apis/controller/controller_base.go:16.31,19.4 2 0
grpc-boot-starter/apis/controller/controller_base.go:19.9,22.4 2 0
grpc-boot-starter/apis/controller/controller_base.go:23.8,26.3 2 0
grpc-boot-starter/apis/controller/health_controller.go:16.47,21.2 3 0
grpc-boot-starter/apis/controller/health_controller.go:23.44,25.2 1 0
grpc-boot-starter/apis/controller/health_controller.go:27.28,29.2 1 0
grpc-boot-starter/apis/controller/health_controller.go:31.25,33.2 1 0
grpc-boot-starter/apis/controller/hello_controller.go:9.52,11.2 1 0
grpc-boot-starter/apis/controller/hello_controller.go:18.121,21.2 2 0
grpc-boot-starter/clients/main.go:27.13,30.2 2 0
grpc-boot-starter/clients/main.go:57.13,82.16 9 0
grpc-boot-starter/clients/main.go:82.16,84.3 1 0
grpc-boot-starter/clients/main.go:85.2,93.25 5 0
grpc-boot-starter/clients/main.go:93.25,94.13 1 0
grpc-boot-starter/clients/main.go:94.13,99.4 2 0
grpc-boot-starter/clients/main.go:102.2,102.6 1 0
grpc-boot-starter/clients/main.go:102.6,104.3 1 0
grpc-boot-starter/clients/main.go:107.59,110.16 3 0
grpc-boot-starter/clients/main.go:110.16,112.3 1 0
grpc-boot-starter/clients/main.go:113.2,113.14 1 0
grpc-boot-starter/clients/main.go:119.33,123.2 1 0
grpc-boot-starter/clients/main.go:125.62,129.16 4 0
grpc-boot-starter/clients/main.go:129.16,131.3 1 0
grpc-boot-starter/clients/main.go:132.2,132.19 1 0
grpc-boot-starter/clients/main.go:135.85,151.16 5 0
grpc-boot-starter/clients/main.go:151.16,153.3 1 0
grpc-boot-starter/clients/main.go:154.2,155.17 2 0
grpc-boot-starter/clients/main.go:158.93,172.16 8 0
grpc-boot-starter/clients/main.go:172.16,176.3 3 0
grpc-boot-starter/clients/main.go:177.2,180.27 3 0
grpc-boot-starter/clients/main.go:180.27,182.3 1 0
grpc-boot-starter/clients/main.go:184.2,185.28 2 0
grpc-boot-starter/clients/main.go:185.28,187.3 1 0
grpc-boot-starter/clients/main.go:189.2,189.17 1 0
grpc-boot-starter/clients/main.go:192.91,209.16 5 0
grpc-boot-starter/clients/main.go:209.16,211.3 1 0
grpc-boot-starter/clients/main.go:212.2,212.39 1 0
grpc-boot-starter/clients/main.go:215.65,226.16 5 0
grpc-boot-starter/clients/main.go:226.16,228.3 1 0
grpc-boot-starter/clients/main.go:229.2,229.38 1 0
grpc-boot-starter/core/config/config.go:74.72,76.20 2 1
grpc-boot-starter/core/config/config.go:76.20,78.3 1 0
grpc-boot-starter/core/config/config.go:79.2,80.20 2 1
grpc-boot-starter/core/config/config.go:80.20,82.3 1 1
grpc-boot-starter/core/config/config.go:83.2,83.21 1 0
grpc-boot-starter/core/config/config.go:86.76,88.20 2 1
grpc-boot-starter/core/config/config.go:88.20,90.3 1 0
grpc-boot-starter/core/config/config.go:91.2,92.16 2 1
grpc-boot-starter/core/config/config.go:92.16,95.3 2 0
grpc-boot-starter/core/config/config.go:96.2,96.12 1 1
grpc-boot-starter/core/config/config.go:101.46,110.16 8 1
grpc-boot-starter/core/config/config.go:110.16,113.3 2 0
grpc-boot-starter/core/config/config.go:115.2,120.16 6 1
grpc-boot-starter/core/config/config.go:120.16,123.3 2 0
grpc-boot-starter/core/config/config.go:124.2,174.12 5 1
grpc-boot-starter/core/config/config.go:177.49,179.31 2 0
grpc-boot-starter/core/config/config.go:179.31,181.3 1 0
grpc-boot-starter/core/config/config.go:184.27,186.16 2 1
grpc-boot-starter/core/config/config.go:186.16,187.13 1 0
grpc-boot-starter/core/config/config.go:189.2,189.87 1 1
grpc-boot-starter/core/config/config.go:189.87,193.3 3 1
grpc-boot-starter/core/config/config.go:194.2,194.18 1 1
grpc-boot-starter/core/config/config.go:194.18,195.27 1 0
grpc-boot-starter/core/config/config.go:197.2,197.12 1 1
grpc-boot-starter/core/config/config.go:201.33,203.2 1 1
grpc-boot-starter/core/correlation/correlation.go:20.48,22.14 2 0
grpc-boot-starter/core/correlation/correlation.go:22.14,24.3 1 0
grpc-boot-starter/core/correlation/correlation.go:25.2,26.13 2 0
grpc-boot-starter/core/correlation/correlation.go:26.13,28.3 1 0
grpc-boot-starter/core/correlation/correlation.go:29.2,29.31 1 0
grpc-boot-starter/core/correlation/correlation.go:32.42,34.14 2 0
grpc-boot-starter/core/correlation/correlation.go:34.14,36.3 1 0
grpc-boot-starter/core/correlation/correlation.go:37.2,37.36 1 0
grpc-boot-starter/core/correlation/correlation.go:40.41,42.14 2 0
grpc-boot-starter/core/correlation/correlation.go:42.14,44.3 1 0
grpc-boot-starter/core/correlation/correlation.go:45.2,45.35 1 0
grpc-boot-starter/core/exception/exception.go:19.87,25.2 1 0
grpc-boot-starter/core/exception/exception.go:28.39,30.2 1 0
grpc-boot-starter/core/exception/exception.go:32.43,34.9 2 0
grpc-boot-starter/core/exception/exception.go:34.9,36.3 1 0
grpc-boot-starter/core/exception/exception.go:37.2,37.13 1 0
grpc-boot-starter/core/exception/exception.go:48.95,54.2 1 0
grpc-boot-starter/core/exception/exception.go:57.46,59.2 1 0
grpc-boot-starter/core/exception/exception.go:61.50,63.9 2 0
grpc-boot-starter/core/exception/exception.go:63.9,65.3 1 0
grpc-boot-starter/core/exception/exception.go:66.2,66.13 1 0
grpc-boot-starter/core/exception/exception.go:77.93,83.2 1 0
grpc-boot-starter/core/exception/exception.go:86.42,88.2 1 0
grpc-boot-starter/core/exception/exception.go:90.46,92.9 2 0
grpc-boot-starter/core/exception/exception.go:92.9,94.3 1 0
grpc-boot-starter/core/exception/exception.go:95.2,95.13 1 0
grpc-boot-starter/core/exception/exception.go:106.79,112.2 1 0
grpc-boot-starter/core/exception/exception.go:115.35,117.2 1 0
grpc-boot-starter/core/exception/exception.go:119.39,121.9 2 0
grpc-boot-starter/core/exception/exception.go:121.9,123.3 1 0
grpc-boot-starter/core/exception/exception.go:124.2,124.13 1 0
grpc-boot-starter/core/exception/exception.go:135.81,141.2 1 0
grpc-boot-starter/core/exception/exception.go:144.36,146.2 1 0
grpc-boot-starter/core/exception/exception.go:148.40,150.9 2 0
grpc-boot-starter/core/exception/exception.go:150.9,152.3 1 0
grpc-boot-starter/core/exception/exception.go:153.2,153.13 1 0
grpc-boot-starter/core/exception/exception.go:164.93,170.2 1 0
grpc-boot-starter/core/exception/exception.go:173.42,175.2 1 0
grpc-boot-starter/core/exception/exception.go:177.46,179.9 2 0
grpc-boot-starter/core/exception/exception.go:179.9,181.3 1 0
grpc-boot-starter/core/exception/exception.go:182.2,182.13 1 0
grpc-boot-starter/core/exception/transformer.go:10.45,11.16 1 0
grpc-boot-starter/core/exception/transformer.go:11.16,12.10 1 0
grpc-boot-starter/core/exception/transformer.go:13.43,14.52 1 0
grpc-boot-starter/core/exception/transformer.go:15.37,16.59 1 0
grpc-boot-starter/core/exception/transformer.go:17.36,18.60 1 0
grpc-boot-starter/core/exception/transformer.go:19.47,20.52 1 0
grpc-boot-starter/core/exception/transformer.go:21.40,22.52 1 0
grpc-boot-starter/core/exception/transformer.go:23.43,24.59 1 0
grpc-boot-starter/core/exception/transformer.go:25.11,26.51 1 0
grpc-boot-starter/core/exception/transformer.go:29.2,29.12 1 0
grpc-boot-starter/core/interceptor/ctx_logger.go:19.111,23.38 2 0
grpc-boot-starter/core/interceptor/ctx_logger.go:23.38,25.3 1 0
grpc-boot-starter/core/interceptor/ctx_logger.go:26.2,27.9 2 0
grpc-boot-starter/core/interceptor/ctx_logger.go:27.9,29.3 1 0
grpc-boot-starter/core/interceptor/ctx_logger.go:30.2,37.18 7 0
grpc-boot-starter/core/interceptor/ctx_logger.go:40.49,42.20 2 0
grpc-boot-starter/core/interceptor/ctx_logger.go:42.20,44.3 1 0
grpc-boot-starter/core/interceptor/ctx_logger.go:45.2,45.16 1 0
grpc-boot-starter/core/interceptor/ctx_logger.go:48.116,55.23 7 0
grpc-boot-starter/core/interceptor/ctx_logger.go:55.23,57.22 2 0
grpc-boot-starter/core/interceptor/ctx_logger.go:57.22,62.4 4 0
grpc-boot-starter/core/interceptor/ctx_logger.go:65.2,65.35 1 0
grpc-boot-starter/core/interceptor/ctx_logger.go:65.35,68.3 2 0
grpc-boot-starter/core/interceptor/ctx_logger.go:70.2,70.58 1 0
grpc-boot-starter/core/interceptor/ctx_logger.go:70.58,72.26 2 0
grpc-boot-starter/core/interceptor/ctx_logger.go:72.26,74.4 1 0
grpc-boot-starter/core/interceptor/ctx_logger.go:75.3,75.20 1 0
grpc-boot-starter/core/interceptor/ctx_logger.go:75.20,77.4 1 0
grpc-boot-starter/core/interceptor/ctx_logger.go:78.3,78.19 1 0
grpc-boot-starter/core/interceptor/ctx_logger.go:78.19,80.4 1 0
grpc-boot-starter/core/interceptor/ctx_logger.go:81.3,81.12 1 0
grpc-boot-starter/core/interceptor/ctx_logger.go:84.2,84.25 1 0
grpc-boot-starter/core/interceptor/ctx_logger.go:84.25,87.3 2 0
grpc-boot-starter/core/interceptor/ctx_logger.go:89.2,90.31 2 0
grpc-boot-starter/core/interceptor/error_handler.go:16.128,17.15 1 0
grpc-boot-starter/core/interceptor/error_handler.go:17.15,18.31 1 0
grpc-boot-starter/core/interceptor/error_handler.go:18.31,20.10 2 0
grpc-boot-starter/core/interceptor/error_handler.go:20.10,23.5 2 0
grpc-boot-starter/core/interceptor/error_handler.go:23.10,26.5 2 0
grpc-boot-starter/core/interceptor/error_handler.go:30.2,32.17 2 0
grpc-boot-starter/core/interceptor/error_handler.go:32.17,35.3 2 0
grpc-boot-starter/core/interceptor/error_handler.go:36.2,36.18 1 0
grpc-boot-starter/core/interceptor/jwt_auth.go:19.118,22.9 3 0
grpc-boot-starter/core/interceptor/jwt_auth.go:22.9,24.3 1 0
grpc-boot-starter/core/interceptor/jwt_auth.go:27.2,28.16 2 0
grpc-boot-starter/core/interceptor/jwt_auth.go:28.16,30.3 1 0
grpc-boot-starter/core/interceptor/jwt_auth.go:32.2,32.29 1 0
grpc-boot-starter/core/interceptor/jwt_auth.go:36.82,37.28 1 0
grpc-boot-starter/core/interceptor/jwt_auth.go:37.28,39.3 1 0
grpc-boot-starter/core/interceptor/jwt_auth.go:40.2,45.32 3 0
grpc-boot-starter/core/interceptor/jwt_auth.go:45.32,48.3 2 0
grpc-boot-starter/core/interceptor/jwt_auth.go:50.2,50.73 1 0
grpc-boot-starter/core/logging/logger.go:16.20,19.16 3 0
grpc-boot-starter/core/logging/logger.go:19.16,22.3 2 0
grpc-boot-starter/core/logging/logger.go:23.2,26.26 3 0
grpc-boot-starter/core/logging/logger.go:26.26,28.3 1 0
grpc-boot-starter/core/logging/logger.go:28.8,30.3 1 0
grpc-boot-starter/core/logging/logger.go:31.2,31.71 1 0
grpc-boot-starter/core/logging/logger.go:35.47,37.14 2 0
grpc-boot-starter/core/logging/logger.go:37.14,39.3 1 0
grpc-boot-starter/core/logging/logger.go:40.2,40.10 1 0
grpc-boot-starter/core/logging/logger.go:44.48,45.16 1 0
grpc-boot-starter/core/logging/logger.go:45.16,47.3 1 0
grpc-boot-starter/core/logging/logger.go:48.2,48.25 1 0
grpc-boot-starter/core/logging/logger.go:52.48,53.16 1 0
grpc-boot-starter/core/logging/logger.go:53.16,55.3 1 0
grpc-boot-starter/core/logging/logger.go:56.2,56.25 1 0
grpc-boot-starter/core/logging/logger.go:60.47,61.16 1 0
grpc-boot-starter/core/logging/logger.go:61.16,63.3 1 0
grpc-boot-starter/core/logging/logger.go:64.2,64.24 1 0
grpc-boot-starter/core/logging/logger.go:68.47,69.16 1 0
grpc-boot-starter/core/logging/logger.go:69.16,71.3 1 0
grpc-boot-starter/core/logging/logger.go:72.2,72.24 1 0
grpc-boot-starter/core/logging/logger.go:76.48,77.16 1 0
grpc-boot-starter/core/logging/logger.go:77.16,79.3 1 0
grpc-boot-starter/core/logging/logger.go:80.2,80.25 1 0
grpc-boot-starter/core/logging/logger.go:84.48,85.16 1 0
grpc-boot-starter/core/logging/logger.go:85.16,87.3 1 0
grpc-boot-starter/core/logging/logger.go:88.2,88.25 1 0
grpc-boot-starter/core/logging/logger.go:92.48,93.16 1 0
grpc-boot-starter/core/logging/logger.go:93.16,95.3 1 0
grpc-boot-starter/core/logging/logger.go:96.2,96.25 1 0
grpc-boot-starter/core/otel/otel-handler.go:11.37,13.2 1 0
grpc-boot-starter/core/otel/otel-providers.go:36.43,40.20 2 0
grpc-boot-starter/core/otel/otel-providers.go:40.20,42.3 1 0
grpc-boot-starter/core/otel/otel-providers.go:51.2,54.16 4 0
grpc-boot-starter/core/otel/otel-providers.go:54.16,57.3 2 0
grpc-boot-starter/core/otel/otel-providers.go:58.2,58.18 1 0
grpc-boot-starter/core/otel/otel-providers.go:61.127,65.19 3 0
grpc-boot-starter/core/otel/otel-providers.go:65.19,67.17 2 0
grpc-boot-starter/core/otel/otel-providers.go:67.17,69.4 1 0
grpc-boot-starter/core/otel/otel-providers.go:70.3,70.50 1 0
grpc-boot-starter/core/otel/otel-providers.go:71.8,73.17 2 0
grpc-boot-starter/core/otel/otel-providers.go:73.17,76.4 2 0
grpc-boot-starter/core/otel/otel-providers.go:77.3,77.50 1 0
grpc-boot-starter/core/otel/otel-providers.go:81.2,92.28 4 0
grpc-boot-starter/core/otel/otel-providers.go:96.126,99.19 3 0
grpc-boot-starter/core/otel/otel-providers.go:99.19,102.17 2 0
grpc-boot-starter/core/otel/otel-providers.go:102.17,104.4 1 0
grpc-boot-starter/core/otel/otel-providers.go:105.3,105.89 1 0
grpc-boot-starter/core/otel/otel-providers.go:106.8,108.17 2 0
grpc-boot-starter/core/otel/otel-providers.go:108.17,111.4 2 0
grpc-boot-starter/core/otel/otel-providers.go:112.3,112.89 1 0
grpc-boot-starter/core/otel/otel-providers.go:115.2,121.27 3 0
grpc-boot-starter/core/otel/otel-providers.go:125.122,128.19 3 0
grpc-boot-starter/core/otel/otel-providers.go:128.19,130.17 2 0
grpc-boot-starter/core/otel/otel-providers.go:130.17,132.4 1 0
grpc-boot-starter/core/otel/otel-providers.go:133.3,133.98 1 0
grpc-boot-starter/core/otel/otel-providers.go:134.8,136.17 2 0
grpc-boot-starter/core/otel/otel-providers.go:136.17,139.4 2 0
grpc-boot-starter/core/otel/otel-providers.go:140.3,140.98 1 0
grpc-boot-starter/core/otel/otel-providers.go:143.2,150.28 3 0
grpc-boot-starter/core/otel/otel-providers.go:153.41,158.16 3 0
grpc-boot-starter/core/otel/otel-providers.go:158.16,160.3 1 0
grpc-boot-starter/core/otel/otel-providers.go:162.2,169.16 2 0
grpc-boot-starter/core/otel/otel-providers.go:169.16,171.3 1 0
grpc-boot-starter/core/otel/otel-providers.go:173.2,173.20 1 0
grpc-boot-starter/core/otel/otel-providers.go:173.20,175.17 2 0
grpc-boot-starter/core/otel/otel-providers.go:175.17,177.4 1 0
grpc-boot-starter/core/otel/otel-providers.go:178.3,178.65 1 0
grpc-boot-starter/core/otel/otel-providers.go:181.2,181.20 1 0
grpc-boot-starter/core/otel/otel-providers.go:181.20,183.17 2 0
grpc-boot-starter/core/otel/otel-providers.go:183.17,185.4 1 0
grpc-boot-starter/core/otel/otel-providers.go:186.3,186.64 1 0
grpc-boot-starter/core/otel/otel-providers.go:189.2,189.21 1 0
grpc-boot-starter/core/otel/otel-providers.go:189.21,191.17 2 0
grpc-boot-starter/core/otel/otel-providers.go:191.17,193.4 1 0
grpc-boot-starter/core/otel/otel-providers.go:194.3,194.62 1 0
grpc-boot-starter/core/otel/otel-providers.go:198.42,199.29 1 0
grpc-boot-starter/core/otel/otel-providers.go:199.29,201.3 1 0
grpc-boot-starter/core/otel/otel-providers.go:202.2,203.35 2 0
grpc-boot-starter/core/otel/otel-providers.go:203.35,205.3 1 0
grpc-boot-starter/core/otel/otel-providers.go:206.2,207.16 2 0
grpc-boot-starter/core/otel/otel-providers.go:207.16,209.3 1 0
grpc-boot-starter/core/otel/otel-providers.go:209.8,211.3 1 0
grpc-boot-starter/core/otel/otel-providers.go:212.2,212.12 1 0
grpc-boot-starter/core/security/helpers.go:21.63,23.16 2 1
grpc-boot-starter/core/security/helpers.go:23.16,25.3 1 0
grpc-boot-starter/core/security/helpers.go:26.2,29.56 4 1
grpc-boot-starter/core/security/helpers.go:29.56,31.3 1 0
grpc-boot-starter/core/security/helpers.go:32.2,34.59 3 1
grpc-boot-starter/core/security/helpers.go:38.64,40.16 2 1
grpc-boot-starter/core/security/helpers.go:40.16,42.3 1 0
grpc-boot-starter/core/security/helpers.go:43.2,44.16 2 1
grpc-boot-starter/core/security/helpers.go:44.16,46.3 1 0
grpc-boot-starter/core/security/helpers.go:47.2,51.37 5 1
grpc-boot-starter/core/security/helpers.go:55.52,57.16 2 1
grpc-boot-starter/core/security/helpers.go:57.16,59.3 1 0
grpc-boot-starter/core/security/helpers.go:60.2,60.26 1 1
grpc-boot-starter/core/security/helpers.go:64.56,67.2 2 1
grpc-boot-starter/core/security/helpers.go:70.69,72.18 2 1
grpc-boot-starter/core/security/helpers.go:72.18,74.3 1 0
grpc-boot-starter/core/security/helpers.go:75.2,76.16 2 1
grpc-boot-starter/core/security/helpers.go:76.16,78.3 1 1
grpc-boot-starter/core/security/helpers.go:79.2,80.16 2 0
grpc-boot-starter/core/security/helpers.go:80.16,82.3 1 0
grpc-boot-starter/core/security/helpers.go:83.2,83.32 1 0
grpc-boot-starter/core/security/helpers.go:87.71,89.18 2 0
grpc-boot-starter/core/security/helpers.go:89.18,91.3 1 0
grpc-boot-starter/core/security/helpers.go:92.2,93.16 2 0
grpc-boot-starter/core/security/helpers.go:93.16,95.3 1 0
grpc-boot-starter/core/security/helpers.go:96.2,97.16 2 0
grpc-boot-starter/core/security/helpers.go:97.16,99.3 1 0
grpc-boot-starter/core/security/helpers.go:100.2,100.31 1 0
grpc-boot-starter/core/security/keyVault.go:20.59,23.16 2 1
grpc-boot-starter/core/security/keyVault.go:23.16,25.3 1 0
grpc-boot-starter/core/security/keyVault.go:29.2,29.29 1 1
grpc-boot-starter/core/security/keyVault.go:33.48,35.46 2 1
grpc-boot-starter/core/security/keyVault.go:35.46,38.3 2 1
grpc-boot-starter/core/security/keyVault.go:40.2,40.17 1 0
grpc-boot-starter/core/security/keyVault.go:44.58,46.18 2 1
grpc-boot-starter/core/security/keyVault.go:46.18,48.3 1 0
grpc-boot-starter/core/security/keyVault.go:49.2,49.32 1 1
grpc-boot-starter/core/security/keyVault.go:49.32,51.3 1 0
grpc-boot-starter/core/security/keyVault.go:52.2,53.40 2 1
grpc-boot-starter/core/security/keyVault.go:57.61,60.16 2 1
grpc-boot-starter/core/security/keyVault.go:60.16,62.3 1 0
grpc-boot-starter/core/security/keyVault.go:66.2,66.30 1 1
grpc-boot-starter/core/security/keyVault.go:72.60,74.18 2 1
grpc-boot-starter/core/security/keyVault.go:74.18,76.3 1 0
grpc-boot-starter/core/security/keyVault.go:77.2,77.33 1 1
grpc-boot-starter/core/security/keyVault.go:77.33,79.3 1 0
grpc-boot-starter/core/security/keyVault.go:80.2,81.42 2 1
grpc-boot-starter/core/security/keyVault.go:85.50,87.47 2 1
grpc-boot-starter/core/security/keyVault.go:87.47,90.3 2 1
grpc-boot-starter/core/security/keyVault.go:92.2,92.17 1 0
grpc-boot-starter/core/security/keyVault.go:96.59,97.45 1 1
grpc-boot-starter/core/security/keyVault.go:97.45,99.47 2 1
grpc-boot-starter/core/security/keyVault.go:99.47,102.18 2 1
grpc-boot-starter/core/security/keyVault.go:102.18,104.5 1 0
grpc-boot-starter/core/security/keyVault.go:105.4,105.19 1 1
grpc-boot-starter/core/security/keyVault.go:107.3,107.18 1 0
grpc-boot-starter/core/security/keyVault.go:112.73,115.16 3 1
grpc-boot-starter/core/security/keyVault.go:115.16,117.3 1 0
grpc-boot-starter/core/security/keyVault.go:119.2,136.28 6 1
grpc-boot-starter/core/security/keyVault.go:140.74,143.16 3 1
grpc-boot-starter/core/security/keyVault.go:143.16,145.3 1 0
grpc-boot-starter/core/security/keyVault.go:147.2,160.28 6 1
grpc-boot-starter/core/security/models.go:19.48,29.2 3 0
grpc-boot-starter/core/security/models.go:31.36,34.2 2 0
grpc-boot-starter/core/security/models.go:36.41,37.21 1 0
grpc-boot-starter/core/security/models.go:37.21,39.3 1 0
grpc-boot-starter/core/security/models.go:40.2,40.23 1 0
grpc-boot-starter/core/security/models.go:43.42,44.21 1 0
grpc-boot-starter/core/security/models.go:44.21,46.3 1 0
grpc-boot-starter/core/security/models.go:47.2,47.24 1 0
grpc-boot-starter/core/security/models.go:50.37,52.2 1 0
grpc-boot-starter/core/security/session.go:9.81,13.2 2 0
grpc-boot-starter/core/security/session.go:16.50,18.16 2 0
grpc-boot-starter/core/security/session.go:18.16,20.3 1 0
grpc-boot-starter/core/security/session.go:21.2,21.25 1 0
grpc-boot-starter/core/security/session.go:25.48,27.16 2 0
grpc-boot-starter/core/security/session.go:27.16,29.3 1 0
grpc-boot-starter/core/security/session.go:30.2,30.13 1 0
grpc-boot-starter/infra/db/database.go:25.36,26.15 1 0
grpc-boot-starter/infra/db/database.go:26.15,28.3 1 0
grpc-boot-starter/infra/db/database.go:29.2,30.19 2 0
grpc-boot-starter/infra/db/database.go:30.19,33.17 3 0
grpc-boot-starter/infra/db/database.go:33.17,36.4 2 0
grpc-boot-starter/infra/db/database.go:37.3,41.17 4 0
grpc-boot-starter/infra/db/database.go:41.17,44.4 2 0
grpc-boot-starter/infra/db/database.go:46.3,56.17 3 0
grpc-boot-starter/infra/db/database.go:56.17,58.4 1 0
grpc-boot-starter/infra/db/database.go:60.3,61.45 2 0
grpc-boot-starter/infra/db/database.go:63.2,63.16 1 0
grpc-boot-starter/infra/db/database.go:67.26,68.15 1 0
grpc-boot-starter/infra/db/database.go:68.15,70.17 2 0
grpc-boot-starter/infra/db/database.go:70.17,72.4 1 0
grpc-boot-starter/infra/db/database.go:73.3,73.15 1 0
grpc-boot-starter/infra/db/database.go:75.2,75.11 1 0
grpc-boot-starter/infra/db/database.go:79.14,80.15 1 0
grpc-boot-starter/infra/db/database.go:80.15,83.17 2 0
grpc-boot-starter/infra/db/database.go:83.17,85.4 1 0
grpc-boot-starter/infra/db/database.go:86.3,86.16 1 0
grpc-boot-starter/infra/db/database.go:88.2,88.32 1 0
grpc-boot-starter/infra/db/database.go:92.51,93.15 1 0
grpc-boot-starter/infra/db/database.go:93.15,94.28 1 0
grpc-boot-starter/infra/db/database.go:97.2,98.21 2 0
grpc-boot-starter/infra/db/database.go:98.21,100.3 1 0
grpc-boot-starter/infra/db/database.go:101.2,101.50 1 0
grpc-boot-starter/infra/db/database.go:105.36,107.17 2 0
grpc-boot-starter/infra/db/database.go:107.17,110.3 2 0
grpc-boot-starter/infra/db/database.go:111.2,112.16 2 0
grpc-boot-starter/infra/db/database.go:112.16,114.13 2 0
grpc-boot-starter/infra/db/database.go:116.2,117.12 2 0
grpc-boot-starter/infra/db/database.go:121.38,123.17 2 0
grpc-boot-starter/infra/db/database.go:123.17,126.3 2 0
grpc-boot-starter/infra/db/database.go:127.2,128.16 2 0
grpc-boot-starter/infra/db/database.go:128.16,130.3 1 0
grpc-boot-starter/infra/db/database.go:130.8,132.3 1 0
grpc-boot-starter/infra/db/database.go:136.42,138.16 2 0
grpc-boot-starter/infra/db/database.go:138.16,141.3 1 0
grpc-boot-starter/infra/db/database.go:142.2,143.9 2 0
grpc-boot-starter/infra/db/database.go:143.9,145.3 1 0
grpc-boot-starter/infra/db/database.go:146.2,146.13 1 0
grpc-boot-starter/infra/db/gorm_logger.go:17.64,19.2 1 0
grpc-boot-starter/infra/db/gorm_logger.go:21.82,24.2 2 0
grpc-boot-starter/infra/db/gorm_logger.go:26.81,29.2 2 0
grpc-boot-starter/infra/db/gorm_logger.go:31.81,34.2 2 0
grpc-boot-starter/infra/db/gorm_logger.go:36.103,39.16 2 0
grpc-boot-starter/infra/db/gorm_logger.go:39.16,41.3 1 0
grpc-boot-starter/infra/db/gorm_logger.go:41.8,43.3 1 0
grpc-boot-starter/infra/db/gorm_logger.go:45.2,48.15 3 0
grpc-boot-starter/infra/db/gorm_logger.go:48.15,50.3 1 0
grpc-boot-starter/infra/db/gorm_logger.go:51.2,51.15 1 0
grpc-boot-starter/infra/db/gorm_logger.go:51.15,53.3 1 0
grpc-boot-starter/infra/db/gorm_logger.go:55.2,57.8 2 0
grpc-boot-starter/persistence/repository/book_respository.go:17.42,18.25 1 0
grpc-boot-starter/persistence/repository/book_respository.go:18.25,20.3 1 0
grpc-boot-starter/persistence/repository/book_respository.go:21.2,21.25 1 0
grpc-boot-starter/persistence/repository/book_respository.go:28.95,30.25 2 0
grpc-boot-starter/persistence/repository/book_respository.go:30.25,32.3 1 0
grpc-boot-starter/persistence/repository/book_respository.go:33.2,33.18 1 0
grpc-boot-starter/persistence/repository/book_respository.go:37.87,39.25 2 0
grpc-boot-starter/persistence/repository/book_respository.go:39.25,41.3 1 0
grpc-boot-starter/persistence/repository/book_respository.go:42.2,43.37 2 0
grpc-boot-starter/persistence/repository/book_respository.go:47.93,49.25 2 0
grpc-boot-starter/persistence/repository/book_respository.go:49.25,51.3 1 0
grpc-boot-starter/persistence/repository/book_respository.go:52.2,53.37 2 0
grpc-boot-starter/persistence/repository/book_respository.go:57.79,62.25 3 0
grpc-boot-starter/persistence/repository/book_respository.go:62.25,64.3 1 0
grpc-boot-starter/persistence/repository/book_respository.go:65.2,65.37 1 0
grpc-boot-starter/persistence/repository/book_respository.go:69.89,72.25 3 0
grpc-boot-starter/persistence/repository/book_respository.go:72.25,75.3 1 0
grpc-boot-starter/persistence/repository/book_respository.go:76.2,76.30 1 0
grpc-boot-starter/persistence/repository/book_respository.go:76.30,78.3 1 0
grpc-boot-starter/persistence/repository/book_respository.go:79.2,79.18 1 0
grpc-boot-starter/persistence/repository/book_respository.go:83.128,85.34 2 0
grpc-boot-starter/persistence/repository/book_respository.go:85.34,87.26 2 0
grpc-boot-starter/persistence/repository/book_respository.go:87.26,89.4 1 0
grpc-boot-starter/persistence/repository/book_respository.go:90.8,90.24 1 0
grpc-boot-starter/persistence/repository/book_respository.go:90.24,92.26 2 0
grpc-boot-starter/persistence/repository/book_respository.go:92.26,94.4 1 0
grpc-boot-starter/persistence/repository/book_respository.go:95.8,95.26 1 0
grpc-boot-starter/persistence/repository/book_respository.go:95.26,97.26 2 0
grpc-boot-starter/persistence/repository/book_respository.go:97.26,99.4 1 0
grpc-boot-starter/persistence/repository/book_respository.go:101.2,101.19 1 0
grpc-boot-starter/persistence/repository/book_respository.go:105.121,107.34 2 0
grpc-boot-starter/persistence/repository/book_respository.go:107.34,109.26 2 0
grpc-boot-starter/persistence/repository/book_respository.go:109.26,111.4 1 0
grpc-boot-starter/persistence/repository/book_respository.go:112.8,112.24 1 0
grpc-boot-starter/persistence/repository/book_respository.go:112.24,114.26 2 0
grpc-boot-starter/persistence/repository/book_respository.go:114.26,116.4 1 0
grpc-boot-starter/persistence/repository/book_respository.go:117.8,117.26 1 0
grpc-boot-starter/persistence/repository/book_respository.go:117.26,119.26 2 0
grpc-boot-starter/persistence/repository/book_respository.go:119.26,121.4 1 0
grpc-boot-starter/persistence/repository/book_respository.go:123.2,123.19 1 0
grpc-boot-starter/persistence/repository/user_repository.go:3.42,5.2 1 0
grpc-boot-starter/service/book_service.go:34.77,35.28 1 0
grpc-boot-starter/service/book_service.go:35.28,39.3 1 0
grpc-boot-starter/service/book_service.go:40.2,40.28 1 0
grpc-boot-starter/service/book_service.go:48.75,64.2 1 0
grpc-boot-starter/service/book_service.go:68.98,74.16 4 0
grpc-boot-starter/service/book_service.go:74.16,75.45 1 0
grpc-boot-starter/service/book_service.go:75.45,76.73 1 0
grpc-boot-starter/service/book_service.go:78.3,79.71 2 0
grpc-boot-starter/service/book_service.go:81.2,81.30 1 0
grpc-boot-starter/service/book_service.go:86.104,99.16 4 0
grpc-boot-starter/service/book_service.go:99.16,101.74 2 0
grpc-boot-starter/service/book_service.go:104.2,104.30 1 0
grpc-boot-starter/service/book_service.go:109.104,124.16 4 0
grpc-boot-starter/service/book_service.go:124.16,126.74 2 0
grpc-boot-starter/service/book_service.go:128.2,128.9 1 0
grpc-boot-starter/service/book_service.go:128.9,130.99 2 0
grpc-boot-starter/service/book_service.go:132.2,132.30 1 0
grpc-boot-starter/service/book_service.go:137.114,140.16 3 0
grpc-boot-starter/service/book_service.go:140.16,142.74 2 0
grpc-boot-starter/service/book_service.go:144.2,147.3 1 0
grpc-boot-starter/service/book_service.go:152.115,158.22 5 0
grpc-boot-starter/service/book_service.go:158.22,160.3 1 0
grpc-boot-starter/service/book_service.go:160.8,162.3 1 0
grpc-boot-starter/service/book_service.go:163.2,163.24 1 0
grpc-boot-starter/service/book_service.go:163.24,165.3 1 0
grpc-boot-starter/service/book_service.go:165.8,167.3 1 0
grpc-boot-starter/service/book_service.go:169.2,173.16 4 0
grpc-boot-starter/service/book_service.go:173.16,175.73 2 0
grpc-boot-starter/service/book_service.go:178.2,179.27 2 0
grpc-boot-starter/service/book_service.go:179.27,181.3 1 0
grpc-boot-starter/service/book_service.go:182.2,182.21 1 0
grpc-boot-starter/service/book_service.go:182.21,192.3 1 0
grpc-boot-starter/service/book_service.go:194.2,202.32 2 0
grpc-boot-starter/service/book_service.go:202.32,204.3 1 0
grpc-boot-starter/service/book_service.go:205.2,205.15 1 0
grpc-boot-starter/main.go:28.61,29.21 1 0
grpc-boot-starter/main.go:29.21,31.3 1 0
grpc-boot-starter/main.go:32.2,32.18 1 0
grpc-boot-starter/main.go:35.13,36.22 1 0
grpc-boot-starter/main.go:36.22,39.3 2 0
grpc-boot-starter/main.go:40.2,59.12 11 0
grpc-boot-starter/main.go:59.12,61.17 2 0
grpc-boot-starter/main.go:61.17,64.4 2 0
grpc-boot-starter/main.go:66.2,66.25 1 0
grpc-boot-starter/main.go:69.48,88.9 9 0
grpc-boot-starter/main.go:89.20,90.42 1 0
grpc-boot-starter/main.go:92.2,92.34 1 0
grpc-boot-starter/main.go:95.16,98.2 2 0
grpc-boot-starter/apis/controller/book_controller.go:10.82,14.2 1 0
grpc-boot-starter/apis/controller/book_controller.go:24.123,30.2 2 0
grpc-boot-starter/apis/controller/book_controller.go:34.133,39.15 2 0
grpc-boot-starter/apis/controller/book_controller.go:39.15,42.3 2 0
grpc-boot-starter/apis/controller/book_controller.go:44.2,45.8 2 0
grpc-boot-starter/apis/controller/book_controller.go:50.133,55.15 2 0
grpc-boot-starter/apis/controller/book_controller.go:55.15,58.3 2 0
grpc-boot-starter/apis/controller/book_controller.go:60.2,61.8 2 0
grpc-boot-starter/apis/controller/book_controller.go:66.139,71.15 2 0
grpc-boot-starter/apis/controller/book_controller.go:71.15,74.3 2 0
grpc-boot-starter/apis/controller/book_controller.go:76.2,77.8 2 0
grpc-boot-starter/apis/controller/book_controller.go:82.140,87.2 2 0
grpc-boot-starter/apis/controller/controller_base.go:13.76,14.14 1 0
grpc-boot-starter/apis/controller/controller_base.go:14.14,16.31 2 0
grpc-boot-starter/apis/controller/controller_base.go:16.31,19.4 2 0
grpc-boot-starter/apis/controller/controller_base.go:19.9,22.4 2 0
grpc-boot-starter/apis/controller/controller_base.go:23.8,26.3 2 0
grpc-boot-starter/apis/controller/health_controller.go:16.47,21.2 3 0
grpc-boot-starter/apis/controller/health_controller.go:23.44,25.2 1 0
grpc-boot-starter/apis/controller/health_controller.go:27.28,29.2 1 0
grpc-boot-starter/apis/controller/health_controller.go:31.25,33.2 1 0
grpc-boot-starter/apis/controller/hello_controller.go:9.52,11.2 1 0
grpc-boot-starter/apis/controller/hello_controller.go:18.121,21.2 2 0
grpc-boot-starter/clients/main.go:27.13,30.2 2 0
grpc-boot-starter/clients/main.go:57.13,82.16 9 0
grpc-boot-starter/clients/main.go:82.16,84.3 1 0
grpc-boot-starter/clients/main.go:85.2,93.25 5 0
grpc-boot-starter/clients/main.go:93.25,94.13 1 0
grpc-boot-starter/clients/main.go:94.13,99.4 2 0
grpc-boot-starter/clients/main.go:102.2,102.6 1 0
grpc-boot-starter/clients/main.go:102.6,104.3 1 0
grpc-boot-starter/clients/main.go:107.59,110.16 3 0
grpc-boot-starter/clients/main.go:110.16,112.3 1 0
grpc-boot-starter/clients/main.go:113.2,113.14 1 0
grpc-boot-starter/clients/main.go:119.33,123.2 1 0
grpc-boot-starter/clients/main.go:125.62,129.16 4 0
grpc-boot-starter/clients/main.go:129.16,131.3 1 0
grpc-boot-starter/clients/main.go:132.2,132.19 1 0
grpc-boot-starter/clients/main.go:135.85,151.16 5 0
grpc-boot-starter/clients/main.go:151.16,153.3 1 0
grpc-boot-starter/clients/main.go:154.2,155.17 2 0
grpc-boot-starter/clients/main.go:158.93,172.16 8 0
grpc-boot-starter/clients/main.go:172.16,176.3 3 0
grpc-boot-starter/clients/main.go:177.2,180.27 3 0
grpc-boot-starter/clients/main.go:180.27,182.3 1 0
grpc-boot-starter/clients/main.go:184.2,185.28 2 0
grpc-boot-starter/clients/main.go:185.28,187.3 1 0
grpc-boot-starter/clients/main.go:189.2,189.17 1 0
grpc-boot-starter/clients/main.go:192.91,209.16 5 0
grpc-boot-starter/clients/main.go:209.16,211.3 1 0
grpc-boot-starter/clients/main.go:212.2,212.39 1 0
grpc-boot-starter/clients/main.go:215.65,226.16 5 0
grpc-boot-starter/clients/main.go:226.16,228.3 1 0
grpc-boot-starter/clients/main.go:229.2,229.38 1 0
grpc-boot-starter/core/config/config.go:74.72,76.20 2 1
grpc-boot-starter/core/config/config.go:76.20,78.3 1 0
grpc-boot-starter/core/config/config.go:79.2,80.20 2 1
grpc-boot-starter/core/config/config.go:80.20,82.3 1 1
grpc-boot-starter/core/config/config.go:83.2,83.21 1 0
grpc-boot-starter/core/config/config.go:86.76,88.20 2 1
grpc-boot-starter/core/config/config.go:88.20,90.3 1 0
grpc-boot-starter/core/config/config.go:91.2,92.16 2 1
grpc-boot-starter/core/config/config.go:92.16,95.3 2 0
grpc-boot-starter/core/config/config.go:96.2,96.12 1 1
grpc-boot-starter/core/config/config.go:101.46,110.16 8 1
grpc-boot-starter/core/config/config.go:110.16,113.3 2 0
grpc-boot-starter/core/config/config.go:115.2,120.16 6 1
grpc-boot-starter/core/config/config.go:120.16,123.3 2 1
grpc-boot-starter/core/config/config.go:124.2,174.12 5 1
grpc-boot-starter/core/config/config.go:177.49,179.31 2 0
grpc-boot-starter/core/config/config.go:179.31,181.3 1 0
grpc-boot-starter/core/config/config.go:184.27,186.16 2 1
grpc-boot-starter/core/config/config.go:186.16,187.13 1 0
grpc-boot-starter/core/config/config.go:189.2,189.87 1 1
grpc-boot-starter/core/config/config.go:189.87,193.3 3 1
grpc-boot-starter/core/config/config.go:194.2,194.18 1 1
grpc-boot-starter/core/config/config.go:194.18,195.27 1 0
grpc-boot-starter/core/config/config.go:197.2,197.12 1 1
grpc-boot-starter/core/config/config.go:201.33,203.2 1 1
grpc-boot-starter/core/correlation/correlation.go:20.48,22.14 2 0
grpc-boot-starter/core/correlation/correlation.go:22.14,24.3 1 0
grpc-boot-starter/core/correlation/correlation.go:25.2,26.13 2 0
grpc-boot-starter/core/correlation/correlation.go:26.13,28.3 1 0
grpc-boot-starter/core/correlation/correlation.go:29.2,29.31 1 0
grpc-boot-starter/core/correlation/correlation.go:32.42,34.14 2 0
grpc-boot-starter/core/correlation/correlation.go:34.14,36.3 1 0
grpc-boot-starter/core/correlation/correlation.go:37.2,37.36 1 0
grpc-boot-starter/core/correlation/correlation.go:40.41,42.14 2 0
grpc-boot-starter/core/correlation/correlation.go:42.14,44.3 1 0
grpc-boot-starter/core/correlation/correlation.go:45.2,45.35 1 0
grpc-boot-starter/core/exception/exception.go:19.87,25.2 1 0
grpc-boot-starter/core/exception/exception.go:28.39,30.2 1 0
grpc-boot-starter/core/exception/exception.go:32.43,34.9 2 0
grpc-boot-starter/core/exception/exception.go:34.9,36.3 1 0
grpc-boot-starter/core/exception/exception.go:37.2,37.13 1 0
grpc-boot-starter/core/exception/exception.go:48.95,54.2 1 0
grpc-boot-starter/core/exception/exception.go:57.46,59.2 1 0
grpc-boot-starter/core/exception/exception.go:61.50,63.9 2 0
grpc-boot-starter/core/exception/exception.go:63.9,65.3 1 0
grpc-boot-starter/core/exception/exception.go:66.2,66.13 1 0
grpc-boot-starter/core/exception/exception.go:77.93,83.2 1 0
grpc-boot-starter/core/exception/exception.go:86.42,88.2 1 0
grpc-boot-starter/core/exception/exception.go:90.46,92.9 2 0
grpc-boot-starter/core/exception/exception.go:92.9,94.3 1 0
grpc-boot-starter/core/exception/exception.go:95.2,95.13 1 0
grpc-boot-starter/core/exception/exception.go:106.79,112.2 1 0
grpc-boot-starter/core/exception/exception.go:115.35,117.2 1 0
grpc-boot-starter/core/exception/exception.go:119.39,121.9 2 0
grpc-boot-starter/core/exception/exception.go:121.9,123.3 1 0
grpc-boot-starter/core/exception/exception.go:124.2,124.13 1 0
grpc-boot-starter/core/exception/exception.go:135.81,141.2 1 0
grpc-boot-starter/core/exception/exception.go:144.36,146.2 1 0
grpc-boot-starter/core/exception/exception.go:148.40,150.9 2 0
grpc-boot-starter/core/exception/exception.go:150.9,152.3 1 0
grpc-boot-starter/core/exception/exception.go:153.2,153.13 1 0
grpc-boot-starter/core/exception/exception.go:164.93,170.2 1 0
grpc-boot-starter/core/exception/exception.go:173.42,175.2 1 0
grpc-boot-starter/core/exception/exception.go:177.46,179.9 2 0
grpc-boot-starter/core/exception/exception.go:179.9,181.3 1 0
grpc-boot-starter/core/exception/exception.go:182.2,182.13 1 0
grpc-boot-starter/core/exception/transformer.go:10.45,11.16 1 0
grpc-boot-starter/core/exception/transformer.go:11.16,12.10 1 0
grpc-boot-starter/core/exception/transformer.go:13.43,14.52 1 0
grpc-boot-starter/core/exception/transformer.go:15.37,16.59 1 0
grpc-boot-starter/core/exception/transformer.go:17.36,18.60 1 0
grpc-boot-starter/core/exception/transformer.go:19.47,20.52 1 0
grpc-boot-starter/core/exception/transformer.go:21.40,22.52 1 0
grpc-boot-starter/core/exception/transformer.go:23.43,24.59 1 0
grpc-boot-starter/core/exception/transformer.go:25.11,26.51 1 0
grpc-boot-starter/core/exception/transformer.go:29.2,29.12 1 0
grpc-boot-starter/core/interceptor/ctx_logger.go:19.111,23.38 2 0
grpc-boot-starter/core/interceptor/ctx_logger.go:23.38,25.3 1 0
grpc-boot-starter/core/interceptor/ctx_logger.go:26.2,27.9 2 0
grpc-boot-starter/core/interceptor/ctx_logger.go:27.9,29.3 1 0
grpc-boot-starter/core/interceptor/ctx_logger.go:30.2,37.18 7 0
grpc-boot-starter/core/interceptor/ctx_logger.go:40.49,42.20 2 0
grpc-boot-starter/core/interceptor/ctx_logger.go:42.20,44.3 1 0
grpc-boot-starter/core/interceptor/ctx_logger.go:45.2,45.16 1 0
grpc-boot-starter/core/interceptor/ctx_logger.go:48.116,55.23 7 0
grpc-boot-starter/core/interceptor/ctx_logger.go:55.23,57.22 2 0
grpc-boot-starter/core/interceptor/ctx_logger.go:57.22,62.4 4 0
grpc-boot-starter/core/interceptor/ctx_logger.go:65.2,65.35 1 0
grpc-boot-starter/core/interceptor/ctx_logger.go:65.35,68.3 2 0
grpc-boot-starter/core/interceptor/ctx_logger.go:70.2,70.58 1 0
grpc-boot-starter/core/interceptor/ctx_logger.go:70.58,72.26 2 0
grpc-boot-starter/core/interceptor/ctx_logger.go:72.26,74.4 1 0
grpc-boot-starter/core/interceptor/ctx_logger.go:75.3,75.20 1 0
grpc-boot-starter/core/interceptor/ctx_logger.go:75.20,77.4 1 0
grpc-boot-starter/core/interceptor/ctx_logger.go:78.3,78.19 1 0
grpc-boot-starter/core/interceptor/ctx_logger.go:78.19,80.4 1 0
grpc-boot-starter/core/interceptor/ctx_logger.go:81.3,81.12 1 0
grpc-boot-starter/core/interceptor/ctx_logger.go:84.2,84.25 1 0
grpc-boot-starter/core/interceptor/ctx_logger.go:84.25,87.3 2 0
grpc-boot-starter/core/interceptor/ctx_logger.go:89.2,90.31 2 0
grpc-boot-starter/core/interceptor/error_handler.go:16.128,17.15 1 0
grpc-boot-starter/core/interceptor/error_handler.go:17.15,18.31 1 0
grpc-boot-starter/core/interceptor/error_handler.go:18.31,20.10 2 0
grpc-boot-starter/core/interceptor/error_handler.go:20.10,23.5 2 0
[...]
grpc-boot-starter/core/interceptor/ctx_logger.go:48.116,55.23 7 0
grpc-boot-starter/core/interceptor/ctx_logger.go:55.23,57.22 2 0
grpc-boot-starter/core/interceptor/ctx_logger.go:57.22,62.4 4 0
grpc-boot-starter/core/interceptor/ctx_logger.go:65.2,65.35 1 0
grpc-boot-starter/core/interceptor/ctx_logger.go:65.35,68.3 2 0
grpc-boot-starter/core/interceptor/ctx_logger.go:70.2,70.58 1 0
grpc-boot-starter/core/interceptor/ctx_logger.go:70.58,72.26 2 0
grpc-boot-starter/core/interceptor/ctx_logger.go:72.26,74.4 1 0
grpc-boot-starter/core/interceptor/ctx_logger.go:75.3,75.20 1 0
grpc-boot-starter/core/interceptor/ctx_logger.go:75.20,77.4 1 0
grpc-boot-starter/core/interceptor/ctx_logger.go:78.3,78.19 1 0
grpc-boot-starter/core/interceptor/ctx_logger.go:78.19,80.4 1 0
grpc-boot-starter/core/interceptor/ctx_logger.go:81.3,81.12 1 0
grpc-boot-starter/core/interceptor/ctx_logger.go:84.2,84.25 1 0
grpc-boot-starter/core/interceptor/ctx_logger.go:84.25,87.3 2 0
grpc-boot-starter/core/interceptor/ctx_logger.go:89.2,90.31 2 0
grpc-boot-starter/core/interceptor/error_handler.go:16.128,17.15 1 0
grpc-boot-starter/core/interceptor/error_handler.go:17.15,18.31 1 0
grpc-boot-starter/core/interceptor/error_handler.go:18.31,20.10 2 0
grpc-boot-starter/core/interceptor/error_handler.go:20.10,23.5 2 0
grpc-boot-starter/core/interceptor/error_handler.go:23.10,26.5 2 0
grpc-boot-starter/core/interceptor/error_handler.go:30.2,32.17 2 0
grpc-boot-starter/core/interceptor/error_handler.go:32.17,35.3 2 0
grpc-boot-starter/core/interceptor/error_handler.go:36.2,36.18 1 0
grpc-boot-starter/core/interceptor/jwt_auth.go:19.118,22.9 3 0
grpc-boot-starter/core/interceptor/jwt_auth.go:22.9,24.3 1 0
grpc-boot-starter/core/interceptor/jwt_auth.go:27.2,28.16 2 0
grpc-boot-starter/core/interceptor/jwt_auth.go:28.16,30.3 1 0
grpc-boot-starter/core/interceptor/jwt_auth.go:32.2,32.29 1 0
grpc-boot-starter/core/interceptor/jwt_auth.go:36.82,37.28 1 0
grpc-boot-starter/core/interceptor/jwt_auth.go:37.28,39.3 1 0
grpc-boot-starter/core/interceptor/jwt_auth.go:40.2,45.32 3 0
grpc-boot-starter/core/interceptor/jwt_auth.go:45.32,48.3 2 0
grpc-boot-starter/core/interceptor/jwt_auth.go:50.2,50.73 1 0
grpc-boot-starter/core/logging/logger.go:16.20,19.16 3 0
grpc-boot-starter/core/logging/logger.go:19.16,22.3 2 0
grpc-boot-starter/core/logging/logger.go:23.2,26.26 3 0
grpc-boot-starter/core/logging/logger.go:26.26,28.3 1 0
grpc-boot-starter/core/logging/logger.go:28.8,30.3 1 0
grpc-boot-starter/core/logging/logger.go:31.2,31.71 1 0
grpc-boot-starter/core/logging/logger.go:35.47,37.14 2 1
grpc-boot-starter/core/logging/logger.go:37.14,39.3 1 0
grpc-boot-starter/core/logging/logger.go:40.2,40.10 1 1
grpc-boot-starter/core/logging/logger.go:44.48,45.16 1 0
grpc-boot-starter/core/logging/logger.go:45.16,47.3 1 0
grpc-boot-starter/core/logging/logger.go:48.2,48.25 1 0
grpc-boot-starter/core/logging/logger.go:52.48,53.16 1 1
grpc-boot-starter/core/logging/logger.go:53.16,55.3 1 0
grpc-boot-starter/core/logging/logger.go:56.2,56.25 1 1
grpc-boot-starter/core/logging/logger.go:60.47,61.16 1 1
grpc-boot-starter/core/logging/logger.go:61.16,63.3 1 0
grpc-boot-starter/core/logging/logger.go:64.2,64.24 1 1
grpc-boot-starter/core/logging/logger.go:68.47,69.16 1 0
grpc-boot-starter/core/logging/logger.go:69.16,71.3 1 0
grpc-boot-starter/core/logging/logger.go:72.2,72.24 1 0
grpc-boot-starter/core/logging/logger.go:76.48,77.16 1 1
grpc-boot-starter/core/logging/logger.go:77.16,79.3 1 0
grpc-boot-starter/core/logging/logger.go:80.2,80.25 1 1
grpc-boot-starter/core/logging/logger.go:84.48,85.16 1 0
grpc-boot-starter/core/logging/logger.go:85.16,87.3 1 0
grpc-boot-starter/core/logging/logger.go:88.2,88.25 1 0
grpc-boot-starter/core/logging/logger.go:92.48,93.16 1 0
grpc-boot-starter/core/logging/logger.go:93.16,95.3 1 0
grpc-boot-starter/core/logging/logger.go:96.2,96.25 1 0
grpc-boot-starter/core/otel/otel-handler.go:11.37,13.2 1 0
grpc-boot-starter/core/otel/otel-providers.go:36.43,40.20 2 0
grpc-boot-starter/core/otel/otel-providers.go:40.20,42.3 1 0
grpc-boot-starter/core/otel/otel-providers.go:51.2,54.16 4 0
grpc-boot-starter/core/otel/otel-providers.go:54.16,57.3 2 0
grpc-boot-starter/core/otel/otel-providers.go:58.2,58.18 1 0
grpc-boot-starter/core/otel/otel-providers.go:61.127,65.19 3 0
grpc-boot-starter/core/otel/otel-providers.go:65.19,67.17 2 0
grpc-boot-starter/core/otel/otel-providers.go:67.17,69.4 1 0
grpc-boot-starter/core/otel/otel-providers.go:70.3,70.50 1 0
grpc-boot-starter/core/otel/otel-providers.go:71.8,73.17 2 0
grpc-boot-starter/core/otel/otel-providers.go:73.17,76.4 2 0
grpc-boot-starter/core/otel/otel-providers.go:77.3,77.50 1 0
grpc-boot-starter/core/otel/otel-providers.go:81.2,92.28 4 0
grpc-boot-starter/core/otel/otel-providers.go:96.126,99.19 3 0
grpc-boot-starter/core/otel/otel-providers.go:99.19,102.17 2 0
grpc-boot-starter/core/otel/otel-providers.go:102.17,104.4 1 0
grpc-boot-starter/core/otel/otel-providers.go:105.3,105.89 1 0
grpc-boot-starter/core/otel/otel-providers.go:106.8,108.17 2 0
grpc-boot-starter/core/otel/otel-providers.go:108.17,111.4 2 0
grpc-boot-starter/core/otel/otel-providers.go:112.3,112.89 1 0
grpc-boot-starter/core/otel/otel-providers.go:115.2,121.27 3 0
grpc-boot-starter/core/otel/otel-providers.go:125.122,128.19 3 0
grpc-boot-starter/core/otel/otel-providers.go:128.19,130.17 2 0
grpc-boot-starter/core/otel/otel-providers.go:130.17,132.4 1 0
grpc-boot-starter/core/otel/otel-providers.go:133.3,133.98 1 0
grpc-boot-starter/core/otel/otel-providers.go:134.8,136.17 2 0
grpc-boot-starter/core/otel/otel-providers.go:136.17,139.4 2 0
grpc-boot-starter/core/otel/otel-providers.go:140.3,140.98 1 0
grpc-boot-starter/core/otel/otel-providers.go:143.2,150.28 3 0
grpc-boot-starter/core/otel/otel-providers.go:153.41,158.16 3 0
grpc-boot-starter/core/otel/otel-providers.go:158.16,160.3 1 0
grpc-boot-starter/core/otel/otel-providers.go:162.2,169.16 2 0
grpc-boot-starter/core/otel/otel-providers.go:169.16,171.3 1 0
grpc-boot-starter/core/otel/otel-providers.go:173.2,173.20 1 0
grpc-boot-starter/core/otel/otel-providers.go:173.20,175.17 2 0
grpc-boot-starter/core/otel/otel-providers.go:175.17,177.4 1 0
grpc-boot-starter/core/otel/otel-providers.go:178.3,178.65 1 0
grpc-boot-starter/core/otel/otel-providers.go:181.2,181.20 1 0
grpc-boot-starter/core/otel/otel-providers.go:181.20,183.17 2 0
grpc-boot-starter/core/otel/otel-providers.go:183.17,185.4 1 0
grpc-boot-starter/core/otel/otel-providers.go:186.3,186.64 1 0
grpc-boot-starter/core/otel/otel-providers.go:189.2,189.21 1 0
grpc-boot-starter/core/otel/otel-providers.go:189.21,191.17 2 0
grpc-boot-starter/core/otel/otel-providers.go:191.17,193.4 1 0
grpc-boot-starter/core/otel/otel-providers.go:194.3,194.62 1 0
grpc-boot-starter/core/otel/otel-providers.go:198.42,199.29 1 0
grpc-boot-starter/core/otel/otel-providers.go:199.29,201.3 1 0
grpc-boot-starter/core/otel/otel-providers.go:202.2,203.35 2 0
grpc-boot-starter/core/otel/otel-providers.go:203.35,205.3 1 0
grpc-boot-starter/core/otel/otel-providers.go:206.2,207.16 2 0
grpc-boot-starter/core/otel/otel-providers.go:207.16,209.3 1 0
grpc-boot-starter/core/otel/otel-providers.go:209.8,211.3 1 0
grpc-boot-starter/core/otel/otel-providers.go:212.2,212.12 1 0
grpc-boot-starter/core/security/helpers.go:21.63,23.16 2 0
grpc-boot-starter/core/security/helpers.go:23.16,25.3 1 0
grpc-boot-starter/core/security/helpers.go:26.2,29.56 4 0
grpc-boot-starter/core/security/helpers.go:29.56,31.3 1 0
grpc-boot-starter/core/security/helpers.go:32.2,34.59 3 0
grpc-boot-starter/core/security/helpers.go:38.64,40.16 2 0
grpc-boot-starter/core/security/helpers.go:40.16,42.3 1 0
grpc-boot-starter/core/security/helpers.go:43.2,44.16 2 0
grpc-boot-starter/core/security/helpers.go:44.16,46.3 1 0
grpc-boot-starter/core/security/helpers.go:47.2,51.37 5 0
grpc-boot-starter/core/security/helpers.go:55.52,57.16 2 0
grpc-boot-starter/core/security/helpers.go:57.16,59.3 1 0
grpc-boot-starter/core/security/helpers.go:60.2,60.26 1 0
grpc-boot-starter/core/security/helpers.go:64.56,67.2 2 0
grpc-boot-starter/core/security/helpers.go:70.69,72.18 2 0
grpc-boot-starter/core/security/helpers.go:72.18,74.3 1 0
grpc-boot-starter/core/security/helpers.go:75.2,76.16 2 0
grpc-boot-starter/core/security/helpers.go:76.16,78.3 1 0
grpc-boot-starter/core/security/helpers.go:79.2,80.16 2 0
grpc-boot-starter/core/security/helpers.go:80.16,82.3 1 0
grpc-boot-starter/core/security/helpers.go:83.2,83.32 1 0
grpc-boot-starter/core/security/helpers.go:87.71,89.18 2 0
grpc-boot-starter/core/security/helpers.go:89.18,91.3 1 0
grpc-boot-starter/core/security/helpers.go:92.2,93.16 2 0
grpc-boot-starter/core/security/helpers.go:93.16,95.3 1 0
grpc-boot-starter/core/security/helpers.go:96.2,97.16 2 0
grpc-boot-starter/core/security/helpers.go:97.16,99.3 1 0
grpc-boot-starter/core/security/helpers.go:100.2,100.31 1 0
grpc-boot-starter/core/security/keyVault.go:20.59,23.16 2 0
grpc-boot-starter/core/security/keyVault.go:23.16,25.3 1 0
grpc-boot-starter/core/security/keyVault.go:29.2,29.29 1 0
grpc-boot-starter/core/security/keyVault.go:33.48,35.46 2 0
grpc-boot-starter/core/security/keyVault.go:35.46,38.3 2 0
grpc-boot-starter/core/security/keyVault.go:40.2,40.17 1 0
grpc-boot-starter/core/security/keyVault.go:44.58,46.18 2 0
grpc-boot-starter/core/security/keyVault.go:46.18,48.3 1 0
grpc-boot-starter/core/security/keyVault.go:49.2,49.32 1 0
grpc-boot-starter/core/security/keyVault.go:49.32,51.3 1 0
grpc-boot-starter/core/security/keyVault.go:52.2,53.40 2 0
grpc-boot-starter/core/security/keyVault.go:57.61,60.16 2 0
grpc-boot-starter/core/security/keyVault.go:60.16,62.3 1 0
grpc-boot-starter/core/security/keyVault.go:66.2,66.30 1 0
grpc-boot-starter/core/security/keyVault.go:72.60,74.18 2 0
grpc-boot-starter/core/security/keyVault.go:74.18,76.3 1 0
grpc-boot-starter/core/security/keyVault.go:77.2,77.33 1 0
grpc-boot-starter/core/security/keyVault.go:77.33,79.3 1 0
grpc-boot-starter/core/security/keyVault.go:80.2,81.42 2 0
grpc-boot-starter/core/security/keyVault.go:85.50,87.47 2 0
grpc-boot-starter/core/security/keyVault.go:87.47,90.3 2 0
grpc-boot-starter/core/security/keyVault.go:92.2,92.17 1 0
grpc-boot-starter/core/security/keyVault.go:96.59,97.45 1 0
grpc-boot-starter/core/security/keyVault.go:97.45,99.47 2 0
grpc-boot-starter/core/security/keyVault.go:99.47,102.18 2 0
grpc-boot-starter/core/security/keyVault.go:102.18,104.5 1 0
grpc-boot-starter/core/security/keyVault.go:105.4,105.19 1 0
grpc-boot-starter/core/security/keyVault.go:107.3,107.18 1 0
grpc-boot-starter/core/security/keyVault.go:112.73,115.16 3 0
grpc-boot-starter/core/security/keyVault.go:115.16,117.3 1 0
grpc-boot-starter/core/security/keyVault.go:119.2,136.28 6 0
grpc-boot-starter/core/security/keyVault.go:140.74,143.16 3 0
grpc-boot-starter/core/security/keyVault.go:143.16,145.3 1 0
grpc-boot-starter/core/security/keyVault.go:147.2,160.28 6 0
grpc-boot-starter/core/security/models.go:19.48,29.2 3 0
grpc-boot-starter/core/security/models.go:31.36,34.2 2 1
grpc-boot-starter/core/security/models.go:36.41,37.21 1 0
grpc-boot-starter/core/security/models.go:37.21,39.3 1 0
grpc-boot-starter/core/security/models.go:40.2,40.23 1 0
grpc-boot-starter/core/security/models.go:43.42,44.21 1 0
grpc-boot-starter/core/security/models.go:44.21,46.3 1 0
grpc-boot-starter/core/security/models.go:47.2,47.24 1 0
grpc-boot-starter/core/security/models.go:50.37,52.2 1 0
grpc-boot-starter/core/security/session.go:9.81,13.2 2 1
grpc-boot-starter/core/security/session.go:16.50,18.16 2 1
grpc-boot-starter/core/security/session.go:18.16,20.3 1 0
grpc-boot-starter/core/security/session.go:21.2,21.25 1 1
grpc-boot-starter/core/security/session.go:25.48,27.16 2 0
grpc-boot-starter/core/security/session.go:27.16,29.3 1 0
grpc-boot-starter/core/security/session.go:30.2,30.13 1 0
grpc-boot-starter/infra/db/database.go:25.36,26.15 1 1
grpc-boot-starter/infra/db/database.go:26.15,28.3 1 0
grpc-boot-starter/infra/db/database.go:29.2,30.19 2 1
grpc-boot-starter/infra/db/database.go:30.19,33.17 3 1
grpc-boot-starter/infra/db/database.go:33.17,36.4 2 0
grpc-boot-starter/infra/db/database.go:37.3,41.17 4 1
grpc-boot-starter/infra/db/database.go:41.17,44.4 2 0
grpc-boot-starter/infra/db/database.go:46.3,56.17 3 1
grpc-boot-starter/infra/db/database.go:56.17,58.4 1 0
grpc-boot-starter/infra/db/database.go:60.3,61.45 2 1
grpc-boot-starter/infra/db/database.go:63.2,63.16 1 1
grpc-boot-starter/infra/db/database.go:67.26,68.15 1 0
grpc-boot-starter/infra/db/database.go:68.15,70.17 2 0
grpc-boot-starter/infra/db/database.go:70.17,72.4 1 0
grpc-boot-starter/infra/db/database.go:73.3,73.15 1 0
grpc-boot-starter/infra/db/database.go:75.2,75.11 1 0
grpc-boot-starter/infra/db/database.go:79.14,80.15 1 0
grpc-boot-starter/infra/db/database.go:80.15,83.17 2 0
grpc-boot-starter/infra/db/database.go:83.17,85.4 1 0
grpc-boot-starter/infra/db/database.go:86.3,86.16 1 0
grpc-boot-starter/infra/db/database.go:88.2,88.32 1 0
grpc-boot-starter/infra/db/database.go:92.51,93.15 1 0
grpc-boot-starter/infra/db/database.go:93.15,94.28 1 0
grpc-boot-starter/infra/db/database.go:97.2,98.21 2 0
grpc-boot-starter/infra/db/database.go:98.21,100.3 1 0
grpc-boot-starter/infra/db/database.go:101.2,101.50 1 0
grpc-boot-starter/infra/db/database.go:105.36,107.17 2 0
grpc-boot-starter/infra/db/database.go:107.17,110.3 2 0
grpc-boot-starter/infra/db/database.go:111.2,112.16 2 0
grpc-boot-starter/infra/db/database.go:112.16,114.13 2 0
grpc-boot-starter/infra/db/database.go:116.2,117.12 2 0
grpc-boot-starter/infra/db/database.go:121.38,123.17 2 0
grpc-boot-starter/infra/db/database.go:123.17,126.3 2 0
grpc-boot-starter/infra/db/database.go:127.2,128.16 2 0
grpc-boot-starter/infra/db/database.go:128.16,130.3 1 0
grpc-boot-starter/infra/db/database.go:130.8,132.3 1 0
grpc-boot-starter/infra/db/database.go:136.42,138.16 2 1
grpc-boot-starter/infra/db/database.go:138.16,141.3 1 1
grpc-boot-starter/infra/db/database.go:142.2,143.9 2 0
grpc-boot-starter/infra/db/database.go:143.9,145.3 1 0
grpc-boot-starter/infra/db/database.go:146.2,146.13 1 0
grpc-boot-starter/infra/db/gorm_logger.go:17.64,19.2 1 0
grpc-boot-starter/infra/db/gorm_logger.go:21.82,24.2 2 0
grpc-boot-starter/infra/db/gorm_logger.go:26.81,29.2 2 0
grpc-boot-starter/infra/db/gorm_logger.go:31.81,34.2 2 0
grpc-boot-starter/infra/db/gorm_logger.go:36.103,39.16 2 1
grpc-boot-starter/infra/db/gorm_logger.go:39.16,41.3 1 1
grpc-boot-starter/infra/db/gorm_logger.go:41.8,43.3 1 1
grpc-boot-starter/infra/db/gorm_logger.go:45.2,48.15 3 1
grpc-boot-starter/infra/db/gorm_logger.go:48.15,50.3 1 1
grpc-boot-starter/infra/db/gorm_logger.go:51.2,51.15 1 1
grpc-boot-starter/infra/db/gorm_logger.go:51.15,53.3 1 1
grpc-boot-starter/infra/db/gorm_logger.go:55.2,57.8 2 1
grpc-boot-starter/persistence/repository/book_respository.go:17.42,18.25 1 1
grpc-boot-starter/persistence/repository/book_respository.go:18.25,20.3 1 1
grpc-boot-starter/persistence/repository/book_respository.go:21.2,21.25 1 1
grpc-boot-starter/persistence/repository/book_respository.go:28.95,30.25 2 1
grpc-boot-starter/persistence/repository/book_respository.go:30.25,32.3 1 0
grpc-boot-starter/persistence/repository/book_respository.go:33.2,33.18 1 1
grpc-boot-starter/persistence/repository/book_respository.go:37.87,39.25 2 1
grpc-boot-starter/persistence/repository/book_respository.go:39.25,41.3 1 0
grpc-boot-starter/persistence/repository/book_respository.go:42.2,43.37 2 1
grpc-boot-starter/persistence/repository/book_respository.go:47.93,49.25 2 0
grpc-boot-starter/persistence/repository/book_respository.go:49.25,51.3 1 0
grpc-boot-starter/persistence/repository/book_respository.go:52.2,53.37 2 0
grpc-boot-starter/persistence/repository/book_respository.go:57.79,62.25 3 0
grpc-boot-starter/persistence/repository/book_respository.go:62.25,64.3 1 0
grpc-boot-starter/persistence/repository/book_respository.go:65.2,65.37 1 0
grpc-boot-starter/persistence/repository/book_respository.go:69.89,72.25 3 1
grpc-boot-starter/persistence/repository/book_respository.go:72.25,75.3 1 1
grpc-boot-starter/persistence/repository/book_respository.go:76.2,76.30 1 1
grpc-boot-starter/persistence/repository/book_respository.go:76.30,78.3 1 0
grpc-boot-starter/persistence/repository/book_respository.go:79.2,79.18 1 1
grpc-boot-starter/persistence/repository/book_respository.go:83.128,85.34 2 0
grpc-boot-starter/persistence/repository/book_respository.go:85.34,87.26 2 0
grpc-boot-starter/persistence/repository/book_respository.go:87.26,89.4 1 0
grpc-boot-starter/persistence/repository/book_respository.go:90.8,90.24 1 0
grpc-boot-starter/persistence/repository/book_respository.go:90.24,92.26 2 0
grpc-boot-starter/persistence/repository/book_respository.go:92.26,94.4 1 0
grpc-boot-starter/persistence/repository/book_respository.go:95.8,95.26 1 0
grpc-boot-starter/persistence/repository/book_respository.go:95.26,97.26 2 0
grpc-boot-starter/persistence/repository/book_respository.go:97.26,99.4 1 0
grpc-boot-starter/persistence/repository/book_respository.go:101.2,101.19 1 0
grpc-boot-starter/persistence/repository/book_respository.go:105.121,107.34 2 0
grpc-boot-starter/persistence/repository/book_respository.go:107.34,109.26 2 0
grpc-boot-starter/persistence/repository/book_respository.go:109.26,111.4 1 0
grpc-boot-starter/persistence/repository/book_respository.go:112.8,112.24 1 0
grpc-boot-starter/persistence/repository/book_respository.go:112.24,114.26 2 0
grpc-boot-starter/persistence/repository/book_respository.go:114.26,116.4 1 0
grpc-boot-starter/persistence/repository/book_respository.go:117.8,117.26 1 0
grpc-boot-starter/persistence/repository/book_respository.go:117.26,119.26 2 0
grpc-boot-starter/persistence/repository/book_respository.go:119.26,121.4 1 0
grpc-boot-starter/persistence/repository/book_respository.go:123.2,123.19 1 0
grpc-boot-starter/persistence/repository/user_repository.go:3.42,5.2 1 0
grpc-boot-starter/service/book_service.go:34.77,35.28 1 1
grpc-boot-starter/service/book_service.go:35.28,39.3 1 1
grpc-boot-starter/service/book_service.go:40.2,40.28 1 1
grpc-boot-starter/service/book_service.go:48.75,64.2 1 1
grpc-boot-starter/service/book_service.go:68.98,74.16 4 1
grpc-boot-starter/service/book_service.go:74.16,75.45 1 1
grpc-boot-starter/service/book_service.go:75.45,76.73 1 1
grpc-boot-starter/service/book_service.go:78.3,79.71 2 0
grpc-boot-starter/service/book_service.go:81.2,81.30 1 1
grpc-boot-starter/service/book_service.go:86.104,99.16 4 1
grpc-boot-starter/service/book_service.go:99.16,101.74 2 0
grpc-boot-starter/service/book_service.go:104.2,104.30 1 1
grpc-boot-starter/service/book_service.go:109.104,124.16 4 1
grpc-boot-starter/service/book_service.go:124.16,126.74 2 0
grpc-boot-starter/service/book_service.go:128.2,128.9 1 1
grpc-boot-starter/service/book_service.go:128.9,130.99 2 1
grpc-boot-starter/service/book_service.go:132.2,132.30 1 1
grpc-boot-starter/service/book_service.go:137.114,140.16 3 0
grpc-boot-starter/service/book_service.go:140.16,142.74 2 0
grpc-boot-starter/service/book_service.go:144.2,147.3 1 0
grpc-boot-starter/service/book_service.go:152.115,158.22 5 0
grpc-boot-starter/service/book_service.go:158.22,160.3 1 0
grpc-boot-starter/service/book_service.go:160.8,162.3 1 0
grpc-boot-starter/service/book_service.go:163.2,163.24 1 0
grpc-boot-starter/service/book_service.go:163.24,165.3 1 0
grpc-boot-starter/service/book_service.go:165.8,167.3 1 0
grpc-boot-starter/service/book_service.go:169.2,173.16 4 0
grpc-boot-starter/service/book_service.go:173.16,175.73 2 0
grpc-boot-starter/service/book_service.go:178.2,179.27 2 0
grpc-boot-starter/service/book_service.go:179.27,181.3 1 0
grpc-boot-starter/service/book_service.go:182.2,182.21 1 0
grpc-boot-starter/service/book_service.go:182.21,192.3 1 0
grpc-boot-starter/service/book_service.go:194.2,202.32 2 0
grpc-boot-starter/service/book_service.go:202.32,204.3 1 0
grpc-boot-starter/service/book_service.go:205.2,205.15 1 0
